#----------------------------------------------------------------
#    Intel(R) MPI Benchmarks 2018, MPI-1 part
#----------------------------------------------------------------
# Date                  : Sat Nov 27 12:27:47 2021
# Machine               : x86_64
# System                : Linux
# Release               : 5.7.9-1.el7.elrepo.x86_64
# Version               : #1 SMP Wed Jul 15 10:37:17 EDT 2020
# MPI Version           : 3.1
# MPI Thread Environment: 


# Calling sequence was: 

# ./IMB-MPI1 PingPong -msglog 28

# Minimum message length in bytes:   0
# Maximum message length in bytes:   268435456
#
# MPI_Datatype                   :   MPI_BYTE 
# MPI_Datatype for reductions    :   MPI_FLOAT
# MPI_Op                         :   MPI_SUM  
#
#

# List of Benchmarks to run:

# PingPong

#---------------------------------------------------
# Benchmarking PingPong 
# #processes = 2 
#---------------------------------------------------
       #bytes #repetitions      t[usec]   Mbytes/sec
            0         1000         7.52         0.00
            1         1000         7.60         0.13
            2         1000         7.61         0.26
            4         1000         7.61         0.53
            8         1000         7.57         1.06
           16         1000         7.62         2.10
           32         1000         7.59         4.22
           64         1000         7.63         8.39
          128         1000         7.90        16.19
          256         1000         7.92        32.34
          512         1000         7.98        64.18
         1024         1000         9.04       113.29
         2048         1000         8.52       240.31
         4096         1000        10.37       394.84
         8192         1000        11.22       730.44
        16384         1000        15.48      1058.71
        32768         1000        26.16      1252.54
        65536          640        57.14      1146.90
       131072          320        81.13      1615.63
       262144          160       122.66      2137.10
       524288           80       192.23      2727.39
      1048576           40       329.84      3179.00
      2097152           20       627.23      3343.50
      4194304           10      1224.41      3425.56
      8388608            5      2444.54      3431.57
     16777216            2      5030.92      3334.82
     33554432            1     10258.36      3270.93
     67108864            1     20414.81      3287.26
    134217728            1     40286.72      3331.56
    268435456            1     82341.81      3260.01


# All processes entering MPI_Finalize

