# Threadlevel provided:        3 out of        0        1        2        3
  spat_dim , proc_dim, PBC ? 
           1 -Dim Input         1200           0 T
           2 -Dim Input         1200           0 T
           3 -Dim Input         1200           0 T
#   0 Process grid   3   2   2
           0           3           2
           2           3           2
           4           3           2
           5           3           2
           6           3           2
           7           3           2
           8           3           2
           9           3           2
          10           3           2
          11           3           2
           1           3           2
#   0  Allocated 2 arrays with a total of  2330.98      Mbytes 
           3           3           2
# StartResidual    0.00000000000    
  4  Maxtime , Mintime + JacobiMi , JacobiMa    1.31458104700        1.31397033800        1.25823009000        1.26932500300       Residual    12019999.9905      MLUPs    1314.48723070    
  4  Maxtime , Mintime + JacobiMi , JacobiMa    1.31174535600        1.31173568700        1.25828605100        1.26925275300       Residual    1999999.99999      MLUPs    1317.32884900    
  4  Maxtime , Mintime + JacobiMi , JacobiMa    1.31188014100        1.31187594100        1.25798662800        1.26939721800       Residual    425925.925796      MLUPs    1317.19350419    
  4  Maxtime , Mintime + JacobiMi , JacobiMa    1.31184261500        1.31183455500        1.25816893200        1.26936681000       Residual    126543.209847      MLUPs    1317.23118325    
  4  Maxtime , Mintime + JacobiMi , JacobiMa    1.31184695700        1.31183795200        1.25806563900        1.26935199200       Residual    51826.1316865      MLUPs    1317.22682343    
  4  Maxtime , Mintime + JacobiMi , JacobiMa    1.31166119900        1.31165338600        1.25818175100        1.26917588700       Residual    26702.1350983      MLUPs    1317.41336964    
  4  Maxtime , Mintime + JacobiMi , JacobiMa    1.31173884900        1.31173570200        1.25796042500        1.26926744400       Residual    15893.9988843      MLUPs    1317.33538373    
  4  Maxtime , Mintime + JacobiMi , JacobiMa    1.31190878800        1.31189934800        1.25842930500        1.26941596100       Residual    10378.2429902      MLUPs    1317.16474179    
  4  Maxtime , Mintime + JacobiMi , JacobiMa    1.31176605900        1.31175828800        1.25800664600        1.26928513500       Residual    7222.26330360      MLUPs    1317.30805820    
  4  Maxtime , Mintime + JacobiMi , JacobiMa    1.31198585000        1.31196911400        1.25817349200        1.26949701100       Residual    5266.18987001      MLUPs    1317.08737560    
