#----------------------------------------------------------------
#    Intel(R) MPI Benchmarks 2018, MPI-1 part
#----------------------------------------------------------------
# Date                  : Sat Nov 27 17:18:31 2021
# Machine               : x86_64
# System                : Linux
# Release               : 5.7.9-1.el7.elrepo.x86_64
# Version               : #1 SMP Wed Jul 15 10:37:17 EDT 2020
# MPI Version           : 3.1
# MPI Thread Environment: 


# Calling sequence was: 

# ./IMB-MPI1 PingPong -msglog 28

# Minimum message length in bytes:   0
# Maximum message length in bytes:   268435456
#
# MPI_Datatype                   :   MPI_BYTE 
# MPI_Datatype for reductions    :   MPI_FLOAT
# MPI_Op                         :   MPI_SUM  
#
#

# List of Benchmarks to run:

# PingPong

#---------------------------------------------------
# Benchmarking PingPong 
# #processes = 2 
#---------------------------------------------------
       #bytes #repetitions      t[usec]   Mbytes/sec
            0         1000         0.43         0.00
            1         1000         0.43         2.33
            2         1000         0.43         4.66
            4         1000         0.43         9.32
            8         1000         0.43        18.66
           16         1000         0.43        37.24
           32         1000         0.57        56.39
           64         1000         0.58       109.98
          128         1000         1.05       121.53
          256         1000         1.08       237.71
          512         1000         1.20       428.29
         1024         1000         1.41       724.64
         2048         1000         2.09       979.74
         4096         1000         2.97      1378.13
         8192         1000         4.68      1750.08
        16384         1000         7.10      2307.52
        32768         1000        12.87      2546.10
        65536          640        23.85      2747.29
       131072          320        44.09      2972.61
       262144          160        14.88     17618.43
       524288           80        26.04     20135.36
      1048576           40        60.94     17207.19
      2097152           20       158.49     13232.00
      4194304           10       340.23     12327.91
      8388608            5       755.14     11108.64
     16777216            2      2361.14      7105.56
     33554432            1      6346.42      5287.15
     67108864            1     13219.80      5076.39
    134217728            1     26303.76      5102.61
    268435456            1     52325.08      5130.15


# All processes entering MPI_Finalize

