# Threadlevel provided:        3 out of        0        1        2        3
  spat_dim , proc_dim, PBC ? 
           1 -Dim Input         1200           0 T
           2 -Dim Input         1200           0 T
           3 -Dim Input         1200           0 T
#   0 Process grid   4   2   2
           0           3           2
           8           3           2
           9           3           2
          10           3           2
          11           3           2
          12           3           2
          13           3           2
          14           3           2
          15           3           2
#   0  Allocated 2 arrays with a total of  1751.14      Mbytes 
           1           3           2
           2           3           2
           3           3           2
           4           3           2
           5           3           2
           6           3           2
           7           3           2
# StartResidual    0.00000000000    
  4  Maxtime , Mintime + JacobiMi , JacobiMa    1.48142165300        1.48114548200        1.40167587200        1.43160157500       Residual    12019999.9904      MLUPs    1166.44710606    
  4  Maxtime , Mintime + JacobiMi , JacobiMa    1.47841880300        1.47841501500        1.40134427000        1.43093230000       Residual    1999999.99999      MLUPs    1168.81630327    
  4  Maxtime , Mintime + JacobiMi , JacobiMa    1.47914524700        1.47913890800        1.40171885800        1.43162492500       Residual    425925.925796      MLUPs    1168.24226931    
  4  Maxtime , Mintime + JacobiMi , JacobiMa    1.47868259000        1.47867820800        1.40103405600        1.43128631300       Residual    126543.209846      MLUPs    1168.60779432    
  4  Maxtime , Mintime + JacobiMi , JacobiMa    1.47938956900        1.47938510000        1.40140202800        1.43184796800       Residual    51826.1316865      MLUPs    1168.04933346    
  4  Maxtime , Mintime + JacobiMi , JacobiMa    1.47902713500        1.47902111200        1.40091583300        1.43160880500       Residual    26702.1350983      MLUPs    1168.33556269    
  4  Maxtime , Mintime + JacobiMi , JacobiMa    1.48007418400        1.48006952600        1.40053216200        1.43267734300       Residual    15893.9988844      MLUPs    1167.50904697    
  4  Maxtime , Mintime + JacobiMi , JacobiMa    1.47916357700        1.47916020300        1.40075711400        1.43171649100       Residual    10378.2429902      MLUPs    1168.22779229    
  4  Maxtime , Mintime + JacobiMi , JacobiMa    1.47903832700        1.47903239400        1.40094264300        1.43152107300       Residual    7222.26330352      MLUPs    1168.32672180    
  4  Maxtime , Mintime + JacobiMi , JacobiMa    1.47805575200        1.47805240600        1.40087479500        1.43064386100       Residual    5266.18987004      MLUPs    1169.10339658    
