# Threadlevel provided:        3 out of        0        1        2        3
  spat_dim , proc_dim, PBC ? 
           1 -Dim Input         1200           0 T
           2 -Dim Input         1200           0 T
           3 -Dim Input         1200           0 T
#   0 Process grid   4   3   2
           0           3           2
           4           3           2
           5           3           2
           6           3           2
           7           3           2
           8           3           2
           9           3           2
          10           3           2
          11           3           2
          12           3           2
          13           3           2
          14           3           2
          15           3           2
          16           3           2
          17           3           2
          18           3           2
          19           3           2
          20           3           2
          21           3           2
          22           3           2
          23           3           2
#   0  Allocated 2 arrays with a total of  1169.36      Mbytes 
           1           3           2
           2           3           2
           3           3           2
# StartResidual    0.00000000000    
  4  Maxtime , Mintime + JacobiMi , JacobiMa    1.02170484300        1.02143823900       0.962973929000       0.984155937000       Residual    12019999.9904      MLUPs    1691.29079875    
  4  Maxtime , Mintime + JacobiMi , JacobiMa    1.01977948900        1.01977436600       0.962795752000       0.983828607000       Residual    2000000.00000      MLUPs    1694.48397290    
  4  Maxtime , Mintime + JacobiMi , JacobiMa    1.02206831700        1.02206248200       0.963286145000       0.986177783000       Residual    425925.925794      MLUPs    1690.68933188    
  4  Maxtime , Mintime + JacobiMi , JacobiMa    1.02048350200        1.02047505600       0.962532769000       0.984472681000       Residual    126543.209842      MLUPs    1693.31497924    
  4  Maxtime , Mintime + JacobiMi , JacobiMa    1.02081151600        1.02080795400       0.962405610000       0.984874101000       Residual    51826.1316863      MLUPs    1692.77087191    
  4  Maxtime , Mintime + JacobiMi , JacobiMa    1.02222214500        1.02221595300       0.962908923000       0.986304891000       Residual    26702.1350984      MLUPs    1690.43491031    
  4  Maxtime , Mintime + JacobiMi , JacobiMa    1.02113747400        1.02113188500       0.962516210000       0.985222043000       Residual    15893.9988844      MLUPs    1692.23052135    
  4  Maxtime , Mintime + JacobiMi , JacobiMa    1.02109848100        1.02109266400       0.962553343000       0.985118059000       Residual    10378.2429902      MLUPs    1692.29514308    
  4  Maxtime , Mintime + JacobiMi , JacobiMa    1.02258918700        1.02258071600       0.962946831000       0.986829585000       Residual    7222.26330347      MLUPs    1689.82815579    
  4  Maxtime , Mintime + JacobiMi , JacobiMa    1.02142777800        1.02142141400       0.962233509000       0.985503135000       Residual    5266.18987021      MLUPs    1691.74956587    
