# Threadlevel provided:        3 out of        0        1        2        3
  spat_dim , proc_dim, PBC ? 
           1 -Dim Input         1200           0 T
           2 -Dim Input         1200           0 T
           3 -Dim Input         1200           0 T
#   0 Process grid   4   4   3
           9           3           2
          10           3           2
          11           3           2
          12           3           2
          13           3           2
          15           3           2
          16           3           2
          17           3           2
          18           3           2
          20           3           2
          21           3           2
          22           3           2
          23           3           2
          24           3           2
          25           3           2
          26           3           2
          28           3           2
          29           3           2
          30           3           2
          31           3           2
          32           3           2
          33           3           2
          34           3           2
          35           3           2
          36           3           2
          37           3           2
          38           3           2
          39           3           2
          40           3           2
          41           3           2
          42           3           2
          43           3           2
          44           3           2
          45           3           2
          46           3           2
          47           3           2
           0           3           2
#   0  Allocated 2 arrays with a total of  586.624      Mbytes 
           1           3           2
           2           3           2
           3           3           2
           4           3           2
           5           3           2
           6           3           2
           7           3           2
           8           3           2
          19           3           2
          14           3           2
          27           3           2
# StartResidual    0.00000000000    
  4  Maxtime , Mintime + JacobiMi , JacobiMa   0.697509205000       0.697148033000       0.637774547000       0.663707067000       Residual    12019999.9904      MLUPs    2477.38666044    
  4  Maxtime , Mintime + JacobiMi , JacobiMa   0.687162679000       0.687154181000       0.639331208000       0.653455786000       Residual    2000000.00000      MLUPs    2514.68837410    
  4  Maxtime , Mintime + JacobiMi , JacobiMa   0.688395650000       0.688382226000       0.639125513000       0.654403203000       Residual    425925.925798      MLUPs    2510.18436854    
  4  Maxtime , Mintime + JacobiMi , JacobiMa   0.694705734000       0.694687886000       0.639109309000       0.664589489000       Residual    126543.209841      MLUPs    2487.38410442    
  4  Maxtime , Mintime + JacobiMi , JacobiMa   0.697015732000       0.692387369000       0.639740335000       0.654759208000       Residual    51826.1316875      MLUPs    2479.14059994    
  4  Maxtime , Mintime + JacobiMi , JacobiMa   0.688094759000       0.688065687000       0.639294152000       0.655666027000       Residual    26702.1350991      MLUPs    2511.28202533    
  4  Maxtime , Mintime + JacobiMi , JacobiMa   0.688070369000       0.688061149000       0.639341935000       0.654443134000       Residual    15893.9988846      MLUPs    2511.37104263    
  4  Maxtime , Mintime + JacobiMi , JacobiMa   0.688588756000       0.688582748000       0.639452700000       0.655588695000       Residual    10378.2429903      MLUPs    2509.48041911    
  4  Maxtime , Mintime + JacobiMi , JacobiMa   0.688400684000       0.688388127000       0.639456160000       0.654934675000       Residual    7222.26330344      MLUPs    2510.16601256    
  4  Maxtime , Mintime + JacobiMi , JacobiMa   0.701647476000       0.691523367000       0.640335497000       0.669841276000       Residual    5266.18987019      MLUPs    2462.77519567    
