# Threadlevel provided:        3 out of        0        1        2        3
  spat_dim , proc_dim, PBC ? 
           1 -Dim Input         1200           0 T
           2 -Dim Input         1200           0 T
           3 -Dim Input         1200           0 T
#   0 Process grid   2   2   1
           0           3           2
           2           3           2
           1           3           2
           3           3           2
#   0  Allocated 2 arrays with a total of  6969.75      Mbytes 
# StartResidual    0.00000000000    
  4  Maxtime , Mintime + JacobiMi , JacobiMa    5.56331715500        5.56330127700        5.43044010900        5.45767107900       Residual    12019999.9905      MLUPs    310.606056037    
  4  Maxtime , Mintime + JacobiMi , JacobiMa    5.56440390300        5.56439666900        5.42990396700        5.46280636100       Residual    1999999.99999      MLUPs    310.545393563    
  4  Maxtime , Mintime + JacobiMi , JacobiMa    5.56186206100        5.56185007700        5.43039665100        5.46034640100       Residual    425925.925763      MLUPs    310.687316774    
  4  Maxtime , Mintime + JacobiMi , JacobiMa    5.56261175200        5.56260562300        5.43140036400        5.46094795200       Residual    126543.209842      MLUPs    310.645444449    
  4  Maxtime , Mintime + JacobiMi , JacobiMa    5.56369003800        5.56368442800        5.43083178200        5.46128375700       Residual    51826.1316899      MLUPs    310.585238969    
  4  Maxtime , Mintime + JacobiMi , JacobiMa    5.56335495900        5.56334391400        5.43201077700        5.46177004800       Residual    26702.1351013      MLUPs    310.603945413    
  4  Maxtime , Mintime + JacobiMi , JacobiMa    5.56451783700        5.56450515400        5.43068319200        5.46297258400       Residual    15893.9988852      MLUPs    310.539035118    
  4  Maxtime , Mintime + JacobiMi , JacobiMa    5.56374448700        5.56373822700        5.43107743600        5.46213259900       Residual    10378.2429891      MLUPs    310.582199459    
  4  Maxtime , Mintime + JacobiMi , JacobiMa    5.56478451300        5.56476935700        5.43121281000        5.46326219800       Residual    7222.26330259      MLUPs    310.524153444    
  4  Maxtime , Mintime + JacobiMi , JacobiMa    5.56542201800        5.56541562400        5.43146481700        5.46372528000       Residual    5266.18987024      MLUPs    310.488583689    
