# Threadlevel provided:        3 out of        0        1        2        3
  spat_dim , proc_dim, PBC ? 
           1 -Dim Input         1200           0 T
           2 -Dim Input         1200           0 T
           3 -Dim Input         1200           0 T
#   0 Process grid   3   2   2
           0           3           2
           2           3           2
           4           3           2
           6           3           2
           7           3           2
           8           3           2
           9           3           2
          10           3           2
          11           3           2
           1           3           2
#   0  Allocated 2 arrays with a total of  2330.98      Mbytes 
           3           3           2
           5           3           2
# StartResidual    0.00000000000    
  4  Maxtime , Mintime + JacobiMi , JacobiMa    1.93322363000        1.93296109000        1.83668364000        1.87128852000       Residual    12019999.9905      MLUPs    893.843822921    
  4  Maxtime , Mintime + JacobiMi , JacobiMa    1.92974432700        1.92973386300        1.83575137800        1.87001361000       Residual    1999999.99999      MLUPs    895.455411281    
  4  Maxtime , Mintime + JacobiMi , JacobiMa    1.92928918100        1.92928673200        1.83613013000        1.86953538200       Residual    425925.925796      MLUPs    895.666661596    
  4  Maxtime , Mintime + JacobiMi , JacobiMa    1.93084022200        1.93083683400        1.83698060900        1.87104881900       Residual    126543.209847      MLUPs    894.947173936    
  4  Maxtime , Mintime + JacobiMi , JacobiMa    1.92912008300        1.92911680000        1.83664532000        1.86935131800       Residual    51826.1316865      MLUPs    895.745171712    
  4  Maxtime , Mintime + JacobiMi , JacobiMa    1.92939368700        1.92938974000        1.83621112800        1.86967505400       Residual    26702.1350983      MLUPs    895.618147630    
  4  Maxtime , Mintime + JacobiMi , JacobiMa    1.93019257500        1.93018926000        1.83713962700        1.87043132000       Residual    15893.9988843      MLUPs    895.247459959    
  4  Maxtime , Mintime + JacobiMi , JacobiMa    1.92926259500        1.92925250300        1.83729957400        1.86954696000       Residual    10378.2429902      MLUPs    895.679004236    
  4  Maxtime , Mintime + JacobiMi , JacobiMa    1.93020531800        1.93020025100        1.83802206000        1.87042540400       Residual    7222.26330360      MLUPs    895.241549635    
  4  Maxtime , Mintime + JacobiMi , JacobiMa    1.93011739100        1.93011504500        1.83765825800        1.87034963800       Residual    5266.18987001      MLUPs    895.282332597    
