# Threadlevel provided:        3 out of        0        1        2        3
  spat_dim , proc_dim, PBC ? 
           1 -Dim Input         1200           0 T
           2 -Dim Input         1200           0 T
           3 -Dim Input         1200           0 T
#   0 Process grid   2   1   1
           0           3           2
           1           3           2
#   0  Allocated 2 arrays with a total of  13916.4      Mbytes 
# StartResidual    0.00000000000    
  4  Maxtime , Mintime + JacobiMi , JacobiMa    9.91300378800        9.91300005800        7.52246155300        9.80153003800       Residual    12019999.9901      MLUPs    174.316487409    
  4  Maxtime , Mintime + JacobiMi , JacobiMa    7.92394144200        7.92394005200        7.78795820000        7.81724022900       Residual    1999999.99993      MLUPs    218.073292521    
  4  Maxtime , Mintime + JacobiMi , JacobiMa    8.04191482900        8.04191210100        7.52808373700        7.93534388600       Residual    425925.925764      MLUPs    214.874198091    
  4  Maxtime , Mintime + JacobiMi , JacobiMa    7.65557056000        7.65556864100        7.52084928600        7.54919506900       Residual    126543.209811      MLUPs    225.717990117    
  4  Maxtime , Mintime + JacobiMi , JacobiMa    7.65626060100        7.65625977900        7.52072115100        7.54962278800       Residual    51826.1316792      MLUPs    225.697646678    
  4  Maxtime , Mintime + JacobiMi , JacobiMa    7.65567443100        7.65567430600        7.52083143900        7.54913437700       Residual    26702.1351015      MLUPs    225.714927610    
  4  Maxtime , Mintime + JacobiMi , JacobiMa    7.65572368100        7.65572272500        7.52114930900        7.54923651300       Residual    15893.9988867      MLUPs    225.713475565    
  4  Maxtime , Mintime + JacobiMi , JacobiMa    7.65529515200        7.65529463500        7.52095756100        7.54886413900       Residual    10378.2429896      MLUPs    225.726110580    
  4  Maxtime , Mintime + JacobiMi , JacobiMa    7.65672433200        7.65672330300        7.52157914000        7.55027586500       Residual    7222.26330331      MLUPs    225.683977256    
  4  Maxtime , Mintime + JacobiMi , JacobiMa    7.65556207400        7.65556202300        7.52054122700        7.54909614300       Residual    5266.18986943      MLUPs    225.718240320    
