# Threadlevel provided:        3 out of        0        1        2        3
  spat_dim , proc_dim, PBC ? 
           1 -Dim Input         2400           0 T
           2 -Dim Input         2400           0 T
           3 -Dim Input         2400           0 T
#   0 Process grid   2   2   2
           0           3           2
           4           3           2
           5           3           2
           6           3           2
           7           3           2
#   0  Allocated 2 arrays with a total of  27786.5      Mbytes 
           1           3           2
           2           3           2
           3           3           2
# StartResidual    0.00000000000    
  4  Maxtime , Mintime + JacobiMi , JacobiMa    15.3255353080        15.3255110280        15.0563866260        15.1154349540       Residual    48039999.9610      MLUPs    902.023956891    
  4  Maxtime , Mintime + JacobiMi , JacobiMa    15.3189508530        15.3189477640        15.0555691640        15.1142655380       Residual    7999999.99969      MLUPs    902.411668570    
  4  Maxtime , Mintime + JacobiMi , JacobiMa    15.3292866790        15.3292827180        15.0643725130        15.1235234170       Residual    1703703.70306      MLUPs    901.803214297    
  4  Maxtime , Mintime + JacobiMi , JacobiMa    15.3300707730        15.3300666460        15.0659956720        15.1253786720       Residual    506172.839227      MLUPs    901.757089364    
  4  Maxtime , Mintime + JacobiMi , JacobiMa    15.3193229010        15.3193204800        15.0568921680        15.1146417260       Residual    207304.526726      MLUPs    902.389752428    
  4  Maxtime , Mintime + JacobiMi , JacobiMa    15.3199506950        15.3199411550        15.0567439230        15.1150942020       Residual    106808.540404      MLUPs    902.352773532    
  4  Maxtime , Mintime + JacobiMi , JacobiMa    15.3188026560        15.3187987600        15.0553586080        15.1139261580       Residual    63575.9955490      MLUPs    902.420398672    
  4  Maxtime , Mintime + JacobiMi , JacobiMa    15.3188128150        15.3188051000        15.0554978800        15.1141807930       Residual    41512.9719591      MLUPs    902.419800212    
  4  Maxtime , Mintime + JacobiMi , JacobiMa    15.3191396690        15.3191370330        15.0558269120        15.1144925170       Residual    28889.0532118      MLUPs    902.400545898    
  4  Maxtime , Mintime + JacobiMi , JacobiMa    15.4803848540        15.4803757420        15.0679253280        15.2758622350       Residual    21064.7594773      MLUPs    893.001054585    
