# Threadlevel provided:        3 out of        0        1        2        3
  spat_dim , proc_dim, PBC ? 
           1 -Dim Input         1905           0 T
           2 -Dim Input         1905           0 T
           3 -Dim Input         1905           0 T
#   0 Process grid   2   2   1
           0           3           2
           1           3           2
           2           3           2
           3           3           2
#   0  Allocated 2 arrays with a total of  27827.7      Mbytes 
# StartResidual    0.00000000000    
  4  Maxtime , Mintime + JacobiMi , JacobiMa    15.5451088520        15.5440882700        15.0226481890        15.3888700600       Residual    30273624.9756      MLUPs    444.724619867    
  4  Maxtime , Mintime + JacobiMi , JacobiMa    15.5358634910        15.5358553830        15.0215966770        15.3872321080       Residual    5040312.49979      MLUPs    444.989274591    
  4  Maxtime , Mintime + JacobiMi , JacobiMa    15.5366597750        15.5366572250        15.0232798720        15.3878849860       Residual    1073399.88388      MLUPs    444.966468026    
  4  Maxtime , Mintime + JacobiMi , JacobiMa    15.5379162610        15.5379138750        15.0211317350        15.3891788650       Residual    318908.661067      MLUPs    444.930485457    
  4  Maxtime , Mintime + JacobiMi , JacobiMa    15.5368668170        15.5368640640        15.0223928320        15.3881049110       Residual    130609.949664      MLUPs    444.960538468    
  4  Maxtime , Mintime + JacobiMi , JacobiMa    15.5370391480        15.5370363490        15.0215921330        15.3883315060       Residual    67293.5526580      MLUPs    444.955603133    
  4  Maxtime , Mintime + JacobiMi , JacobiMa    15.5362705110        15.5362636780        15.0226938870        15.3876196280       Residual    40055.3606364      MLUPs    444.977616739    
  4  Maxtime , Mintime + JacobiMi , JacobiMa    15.5354643470        15.5354620650        15.0212937140        15.3868102460       Residual    26154.7939373      MLUPs    445.000707451    
  4  Maxtime , Mintime + JacobiMi , JacobiMa    15.5369031100        15.5368955550        15.0227373030        15.3881518240       Residual    18201.2319994      MLUPs    444.959499075    
  4  Maxtime , Mintime + JacobiMi , JacobiMa    15.5361501930        15.5361426380        15.0217402990        15.3874725700       Residual    13271.6213124      MLUPs    444.981062819    
