# Threadlevel provided:        3 out of        0        1        2        3
  spat_dim , proc_dim, PBC ? 
           1 -Dim Input         1200           0 T
           2 -Dim Input         1200           0 T
           3 -Dim Input         1200           0 T
#   0 Process grid   2   2   2
           0           3           2
           4           3           2
           5           3           2
           6           3           2
           7           3           2
           1           3           2
           2           3           2
           3           3           2
#   0  Allocated 2 arrays with a total of  3490.68      Mbytes 
# StartResidual    0.00000000000    
  4  Maxtime , Mintime + JacobiMi , JacobiMa    1.95867196100        1.95838980300        1.89071712000        1.89685661400       Residual    12019999.9905      MLUPs    882.230426742    
  4  Maxtime , Mintime + JacobiMi , JacobiMa    1.95653692300        1.95653026100        1.89108399900        1.89703992000       Residual    1999999.99999      MLUPs    883.193145852    
  4  Maxtime , Mintime + JacobiMi , JacobiMa    1.95641136000        1.95613254400        1.89074197500        1.89671314500       Residual    425925.925796      MLUPs    883.249829422    
  4  Maxtime , Mintime + JacobiMi , JacobiMa    1.95642689800        1.95642374800        1.89098993700        1.89694435900       Residual    126543.209849      MLUPs    883.242814626    
  4  Maxtime , Mintime + JacobiMi , JacobiMa    1.95621044900        1.95620176200        1.89070066800        1.89671258000       Residual    51826.1316872      MLUPs    883.340542876    
  4  Maxtime , Mintime + JacobiMi , JacobiMa    1.95640555800        1.95639969300        1.89101503300        1.89694315700       Residual    26702.1350985      MLUPs    883.252448826    
  4  Maxtime , Mintime + JacobiMi , JacobiMa    1.95633893900        1.95633144500        1.89083545900        1.89684912700       Residual    15893.9988845      MLUPs    883.282526127    
  4  Maxtime , Mintime + JacobiMi , JacobiMa    1.95660629100        1.95659820100        1.89103009700        1.89693212900       Residual    10378.2429902      MLUPs    883.161833808    
  4  Maxtime , Mintime + JacobiMi , JacobiMa    1.95631666200        1.95631079700        1.89083532000        1.89686397200       Residual    7222.26330355      MLUPs    883.292584255    
  4  Maxtime , Mintime + JacobiMi , JacobiMa    1.95649699200        1.95649405700        1.89082403200        1.89697228800       Residual    5266.18987010      MLUPs    883.211171326    
