#----------------------------------------------------------------
#    Intel(R) MPI Benchmarks 2018, MPI-1 part
#----------------------------------------------------------------
# Date                  : Sat Nov 27 17:18:45 2021
# Machine               : x86_64
# System                : Linux
# Release               : 5.7.9-1.el7.elrepo.x86_64
# Version               : #1 SMP Wed Jul 15 10:37:17 EDT 2020
# MPI Version           : 3.1
# MPI Thread Environment: 


# Calling sequence was: 

# ./IMB-MPI1 PingPong -msglog 28

# Minimum message length in bytes:   0
# Maximum message length in bytes:   268435456
#
# MPI_Datatype                   :   MPI_BYTE 
# MPI_Datatype for reductions    :   MPI_FLOAT
# MPI_Op                         :   MPI_SUM  
#
#

# List of Benchmarks to run:

# PingPong

#---------------------------------------------------
# Benchmarking PingPong 
# #processes = 2 
#---------------------------------------------------
       #bytes #repetitions      t[usec]   Mbytes/sec
            0         1000         0.28         0.00
            1         1000         0.32         3.11
            2         1000         0.32         6.34
            4         1000         0.31        12.72
            8         1000         0.32        25.26
           16         1000         0.32        49.48
           32         1000         0.33        98.06
           64         1000         0.35       183.58
          128         1000         0.40       323.49
          256         1000         0.47       549.04
          512         1000         0.73       704.33
         1024         1000         0.79      1292.08
         2048         1000         0.90      2265.12
         4096         1000         1.80      2270.05
         8192         1000         2.13      3843.17
        16384         1000         2.64      6194.66
        32768         1000         3.77      8687.67
        65536          640         5.47     11974.21
       131072          320         9.64     13595.27
       262144          160        17.06     15361.92
       524288           80        37.68     13915.87
      1048576           40        99.04     10587.04
      2097152           20       244.46      8578.65
      4194304           10       588.48      7127.32
      8388608            5      1715.10      4891.02
     16777216            2      4045.00      4147.64
     33554432            1      8703.72      3855.18
     67108864            1     17044.00      3937.39
    134217728            1     33096.60      4055.33
    268435456            1     65016.80      4128.71


# All processes entering MPI_Finalize

