#----------------------------------------------------------------
#    Intel(R) MPI Benchmarks 2018, MPI-1 part
#----------------------------------------------------------------
# Date                  : Sat Nov 27 17:18:42 2021
# Machine               : x86_64
# System                : Linux
# Release               : 5.7.9-1.el7.elrepo.x86_64
# Version               : #1 SMP Wed Jul 15 10:37:17 EDT 2020
# MPI Version           : 3.1
# MPI Thread Environment: 


# Calling sequence was: 

# ./IMB-MPI1 PingPong -msglog 28

# Minimum message length in bytes:   0
# Maximum message length in bytes:   268435456
#
# MPI_Datatype                   :   MPI_BYTE 
# MPI_Datatype for reductions    :   MPI_FLOAT
# MPI_Op                         :   MPI_SUM  
#
#

# List of Benchmarks to run:

# PingPong

#---------------------------------------------------
# Benchmarking PingPong 
# #processes = 2 
#---------------------------------------------------
       #bytes #repetitions      t[usec]   Mbytes/sec
            0         1000         4.90         0.00
            1         1000         4.95         0.20
            2         1000         4.97         0.40
            4         1000         4.97         0.80
            8         1000         4.96         1.61
           16         1000         4.95         3.23
           32         1000         4.97         6.43
           64         1000         4.98        12.85
          128         1000         5.01        25.53
          256         1000         5.04        50.80
          512         1000         5.10       100.38
         1024         1000         5.74       178.40
         2048         1000         5.52       370.82
         4096         1000         6.38       642.11
         8192         1000         6.86      1194.76
        16384         1000         8.93      1835.45
        32768         1000        14.48      2262.94
        65536          640        29.87      2194.37
       131072          320        44.01      2978.35
       262144          160        61.82      4240.39
       524288           80        97.43      5381.20
      1048576           40       162.38      6457.55
      2097152           20       319.76      6558.48
      4194304           10       667.58      6282.89
      8388608            5      1548.87      5415.96
     16777216            2      3260.55      5145.52
     33554432            1      6615.75      5071.90
     67108864            1     13212.59      5079.16
    134217728            1     26224.84      5117.96
    268435456            1     52083.62      5153.93


# All processes entering MPI_Finalize

