#----------------------------------------------------------------
#    Intel(R) MPI Benchmarks 2018, MPI-1 part
#----------------------------------------------------------------
# Date                  : Sat Nov 27 17:18:40 2021
# Machine               : x86_64
# System                : Linux
# Release               : 5.7.9-1.el7.elrepo.x86_64
# Version               : #1 SMP Wed Jul 15 10:37:17 EDT 2020
# MPI Version           : 3.1
# MPI Thread Environment: 


# Calling sequence was: 

# ./IMB-MPI1 PingPong -msglog 28

# Minimum message length in bytes:   0
# Maximum message length in bytes:   268435456
#
# MPI_Datatype                   :   MPI_BYTE 
# MPI_Datatype for reductions    :   MPI_FLOAT
# MPI_Op                         :   MPI_SUM  
#
#

# List of Benchmarks to run:

# PingPong

#---------------------------------------------------
# Benchmarking PingPong 
# #processes = 2 
#---------------------------------------------------
       #bytes #repetitions      t[usec]   Mbytes/sec
            0         1000         0.23         0.00
            1         1000         0.22         4.51
            2         1000         0.22         9.14
            4         1000         0.24        16.87
            8         1000         0.22        36.11
           16         1000         0.22        71.67
           32         1000         0.27       117.99
           64         1000         0.27       235.63
          128         1000         0.36       350.80
          256         1000         0.39       656.92
          512         1000         0.47      1086.06
         1024         1000         0.57      1794.64
         2048         1000         0.79      2594.49
         4096         1000         1.16      3533.29
         8192         1000         1.91      4291.69
        16384         1000         2.98      5503.17
        32768         1000         4.79      6845.10
        65536          640         8.11      8083.82
       131072          320        14.67      8931.90
       262144          160        14.01     18711.79
       524288           80        25.23     20777.88
      1048576           40        60.78     17251.76
      2097152           20       156.78     13376.31
      4194304           10       338.16     12403.30
      8388608            5       949.86      8831.41
     16777216            2      2474.79      6779.25
     33554432            1      5360.96      6259.04
     67108864            1     10902.24      6155.51
    134217728            1     21697.43      6185.88
    268435456            1     43026.58      6238.83


# All processes entering MPI_Finalize

