# Threadlevel provided:        3 out of        0        1        2        3
  spat_dim , proc_dim, PBC ? 
           1 -Dim Input         1200           0 T
           2 -Dim Input         1200           0 T
           3 -Dim Input         1200           0 T
#   0 Process grid   4   3   2
          10           3           2
          11           3           2
          12           3           2
          13           3           2
          14           3           2
          15           3           2
          16           3           2
          17           3           2
          18           3           2
          19           3           2
          20           3           2
          21           3           2
          22           3           2
          23           3           2
           0           3           2
#   0  Allocated 2 arrays with a total of  1169.36      Mbytes 
           1           3           2
           2           3           2
           3           3           2
           4           3           2
           5           3           2
           6           3           2
           7           3           2
           8           3           2
           9           3           2
# StartResidual    0.00000000000    
  4  Maxtime , Mintime + JacobiMi , JacobiMa    1.03248517600        1.03217699600       0.962055467000       0.995734492000       Residual    12019999.9904      MLUPs    1673.63177716    
  4  Maxtime , Mintime + JacobiMi , JacobiMa    1.03043455700        1.03042899000       0.961712828000       0.995591696000       Residual    2000000.00000      MLUPs    1676.96239248    
  4  Maxtime , Mintime + JacobiMi , JacobiMa    1.03086691400        1.03086141200       0.963212419000       0.995982977000       Residual    425925.925794      MLUPs    1676.25905588    
  4  Maxtime , Mintime + JacobiMi , JacobiMa    1.03009489200        1.03009102400       0.962791093000       0.995276565000       Residual    126543.209842      MLUPs    1677.51535652    
  4  Maxtime , Mintime + JacobiMi , JacobiMa    1.02982391000        1.02981898900       0.962644237000       0.994971965000       Residual    51826.1316863      MLUPs    1677.95676836    
  4  Maxtime , Mintime + JacobiMi , JacobiMa    1.03121917200        1.03121396300       0.962870264000       0.996395004000       Residual    26702.1350984      MLUPs    1675.68645630    
  4  Maxtime , Mintime + JacobiMi , JacobiMa    1.03030034200        1.03029417900       0.962335420000       0.995517780000       Residual    15893.9988844      MLUPs    1677.18084675    
  4  Maxtime , Mintime + JacobiMi , JacobiMa    1.02963115700        1.02962566500       0.962644958000       0.994812133000       Residual    10378.2429902      MLUPs    1678.27089172    
  4  Maxtime , Mintime + JacobiMi , JacobiMa    1.03187213000        1.03186304300       0.962860618000       0.997063137000       Residual    7222.26330347      MLUPs    1674.62609926    
  4  Maxtime , Mintime + JacobiMi , JacobiMa    1.02938804700        1.02938288700       0.962531516000       0.994569377000       Residual    5266.18987021      MLUPs    1678.66724802    
