# Threadlevel provided:        3 out of        0        1        2        3
  spat_dim , proc_dim, PBC ? 
           1 -Dim Input         1200           0 T
           2 -Dim Input         1200           0 T
           3 -Dim Input         1200           0 T
#   0 Process grid   4   2   2
           6           3           2
           7           3           2
           8           3           2
           9           3           2
          10           3           2
          11           3           2
          12           3           2
          13           3           2
          14           3           2
          15           3           2
           0           3           2
#   0  Allocated 2 arrays with a total of  1751.14      Mbytes 
           1           3           2
           2           3           2
           3           3           2
           4           3           2
           5           3           2
# StartResidual    0.00000000000    
  4  Maxtime , Mintime + JacobiMi , JacobiMa    1.48229325900        1.48188951500        1.38365571300        1.43233766900       Residual    12019999.9904      MLUPs    1165.76122134    
  4  Maxtime , Mintime + JacobiMi , JacobiMa    1.47950472900        1.47950247200        1.38396422600        1.43223878200       Residual    1999999.99999      MLUPs    1167.95841617    
  4  Maxtime , Mintime + JacobiMi , JacobiMa    1.47991096500        1.47990733900        1.38388029500        1.43252887500       Residual    425925.925796      MLUPs    1167.63781124    
  4  Maxtime , Mintime + JacobiMi , JacobiMa    1.47986675800        1.47986324200        1.38405419900        1.43256475300       Residual    126543.209846      MLUPs    1167.67269125    
  4  Maxtime , Mintime + JacobiMi , JacobiMa    1.47991499000        1.47991141300        1.38477583400        1.43259254700       Residual    51826.1316865      MLUPs    1167.63463555    
  4  Maxtime , Mintime + JacobiMi , JacobiMa    1.47947442900        1.47947210800        1.38488046200        1.43221528400       Residual    26702.1350983      MLUPs    1167.98233625    
  4  Maxtime , Mintime + JacobiMi , JacobiMa    1.48011347200        1.48011134600        1.38434149800        1.43280491700       Residual    15893.9988844      MLUPs    1167.47805671    
  4  Maxtime , Mintime + JacobiMi , JacobiMa    1.47956329900        1.47955899400        1.38433127400        1.43225973200       Residual    10378.2429902      MLUPs    1167.91218136    
  4  Maxtime , Mintime + JacobiMi , JacobiMa    1.48024432600        1.48024113400        1.38492095700        1.43295325800       Residual    7222.26330352      MLUPs    1167.37485133    
  4  Maxtime , Mintime + JacobiMi , JacobiMa    1.47979379900        1.47979064600        1.38469185600        1.43245830700       Residual    5266.18987004      MLUPs    1167.73026159    
