# Threadlevel provided:        3 out of        0        1        2        3
  spat_dim , proc_dim, PBC ? 
           1 -Dim Input         1200           0 T
           2 -Dim Input         1200           0 T
           3 -Dim Input         1200           0 T
#   0 Process grid   4   4   3
          12           3           2
          14           3           2
          16           3           2
          18           3           2
          20           3           2
          22           3           2
          24           3           2
          26           3           2
          28           3           2
          30           3           2
          32           3           2
          34           3           2
          36           3           2
          38           3           2
          40           3           2
          42           3           2
          44           3           2
          46           3           2
           0           3           2
#   0  Allocated 2 arrays with a total of  586.624      Mbytes 
           2           3           2
           6           3           2
           8           3           2
          10           3           2
           3           3           2
           7           3           2
           9           3           2
          11           3           2
          13           3           2
          15           3           2
          17           3           2
          19           3           2
          21           3           2
          23           3           2
          25           3           2
          27           3           2
          29           3           2
          31           3           2
          33           3           2
          35           3           2
          37           3           2
          39           3           2
          41           3           2
          43           3           2
          45           3           2
          47           3           2
           1           3           2
           4           3           2
           5           3           2
# StartResidual    0.00000000000    
  4  Maxtime , Mintime + JacobiMi , JacobiMa   0.693532461000       0.693422980000       0.630710056000       0.660142045000       Residual    12019999.9904      MLUPs    2491.59209867    
  4  Maxtime , Mintime + JacobiMi , JacobiMa   0.690979755000       0.690973267000       0.633144053000       0.659138354000       Residual    2000000.00000      MLUPs    2500.79685764    
  4  Maxtime , Mintime + JacobiMi , JacobiMa   0.691637714000       0.691632677000       0.632671446000       0.659769102000       Residual    425925.925798      MLUPs    2498.41783498    
  4  Maxtime , Mintime + JacobiMi , JacobiMa   0.691694727000       0.691681723000       0.633858540000       0.659890466000       Residual    126543.209841      MLUPs    2498.21190266    
  4  Maxtime , Mintime + JacobiMi , JacobiMa   0.691987412000       0.691617570000       0.633013017000       0.660134471000       Residual    51826.1316875      MLUPs    2497.15525172    
  4  Maxtime , Mintime + JacobiMi , JacobiMa   0.692092382000       0.692082830000       0.633261528000       0.660201053000       Residual    26702.1350991      MLUPs    2496.77650693    
  4  Maxtime , Mintime + JacobiMi , JacobiMa   0.691960355000       0.691953623000       0.633461799000       0.660008513000       Residual    15893.9988846      MLUPs    2497.25289536    
  4  Maxtime , Mintime + JacobiMi , JacobiMa   0.691951086000       0.691944906000       0.633016037000       0.660075886000       Residual    10378.2429903      MLUPs    2497.28634720    
  4  Maxtime , Mintime + JacobiMi , JacobiMa   0.692317386000       0.692309167000       0.634186804000       0.660693387000       Residual    7222.26330344      MLUPs    2495.96505150    
  4  Maxtime , Mintime + JacobiMi , JacobiMa   0.692415458000       0.692410768000       0.633102670000       0.660668820000       Residual    5266.18987019      MLUPs    2495.61152923    
