# Threadlevel provided:        3 out of        0        1        2        3
  spat_dim , proc_dim, PBC ? 
           1 -Dim Input         1200           0 T
           2 -Dim Input         1200           0 T
           3 -Dim Input         1200           0 T
#   0 Process grid   2   2   2
           0           3           2
           1           3           2
           3           3           2
           4           3           2
           5           3           2
           6           3           2
           7           3           2
#   0  Allocated 2 arrays with a total of  3490.68      Mbytes 
           2           3           2
# StartResidual    0.00000000000    
  4  Maxtime , Mintime + JacobiMi , JacobiMa    1.96037925800        1.96014982900        1.89170286600        1.89609463700       Residual    12019999.9905      MLUPs    881.462091046    
  4  Maxtime , Mintime + JacobiMi , JacobiMa    1.95757482000        1.95757310200        1.89167651400        1.89620008600       Residual    1999999.99999      MLUPs    882.724880983    
  4  Maxtime , Mintime + JacobiMi , JacobiMa    1.95713664200        1.95713433700        1.89158307100        1.89574269500       Residual    425925.925796      MLUPs    882.922511856    
  4  Maxtime , Mintime + JacobiMi , JacobiMa    1.95737185500        1.95736760100        1.89168962700        1.89599215900       Residual    126543.209849      MLUPs    882.816413032    
  4  Maxtime , Mintime + JacobiMi , JacobiMa    1.95758728600        1.95758586300        1.89134489600        1.89617576700       Residual    51826.1316872      MLUPs    882.719259753    
  4  Maxtime , Mintime + JacobiMi , JacobiMa    1.95742383600        1.95741991400        1.89162352700        1.89596612300       Residual    26702.1350985      MLUPs    882.792969116    
  4  Maxtime , Mintime + JacobiMi , JacobiMa    1.95741663000        1.95741446600        1.89158213700        1.89600395400       Residual    15893.9988845      MLUPs    882.796219014    
  4  Maxtime , Mintime + JacobiMi , JacobiMa    1.95748765600        1.95748038900        1.89161052900        1.89607621100       Residual    10378.2429902      MLUPs    882.764187403    
  4  Maxtime , Mintime + JacobiMi , JacobiMa    1.95746989100        1.95746629900        1.89133848500        1.89600386700       Residual    7222.26330355      MLUPs    882.772198921    
  4  Maxtime , Mintime + JacobiMi , JacobiMa    1.95769159400        1.95768849800        1.89166833500        1.89631086700       Residual    5266.18987010      MLUPs    882.672227483    
