# Threadlevel provided:        3 out of        0        1        2        3
  spat_dim , proc_dim, PBC ? 
           1 -Dim Input         1200           0 T
           2 -Dim Input         1200           0 T
           3 -Dim Input         1200           0 T
#   0 Process grid   2   2   1
           0           3           2
           3           3           2
           1           3           2
           2           3           2
#   0  Allocated 2 arrays with a total of  6969.75      Mbytes 
# StartResidual    0.00000000000    
  4  Maxtime , Mintime + JacobiMi , JacobiMa    3.86498015100        3.86497871600        3.76767350200        3.77946588100       Residual    12019999.9905      MLUPs    447.091558686    
  4  Maxtime , Mintime + JacobiMi , JacobiMa    3.86059272600        3.86058369000        3.76751889600        3.77957631400       Residual    1999999.99999      MLUPs    447.599662187    
  4  Maxtime , Mintime + JacobiMi , JacobiMa    3.86023140700        3.86022944900        3.76771374200        3.77918906200       Residual    425925.925763      MLUPs    447.641557671    
  4  Maxtime , Mintime + JacobiMi , JacobiMa    3.86056635000        3.86056435600        3.76756639600        3.77958390400       Residual    126543.209842      MLUPs    447.602720259    
  4  Maxtime , Mintime + JacobiMi , JacobiMa    3.86034828700        3.86034270800        3.76763274700        3.77937893700       Residual    51826.1316899      MLUPs    447.628004400    
  4  Maxtime , Mintime + JacobiMi , JacobiMa    3.86049505800        3.86048922700        3.76763107300        3.77958958300       Residual    26702.1351013      MLUPs    447.610986166    
  4  Maxtime , Mintime + JacobiMi , JacobiMa    3.86030793400        3.86030474700        3.76834783100        3.77927179500       Residual    15893.9988852      MLUPs    447.632683595    
  4  Maxtime , Mintime + JacobiMi , JacobiMa    3.86013476000        3.86013301500        3.76753016600        3.77918999600       Residual    10378.2429891      MLUPs    447.652765366    
  4  Maxtime , Mintime + JacobiMi , JacobiMa    3.86034948000        3.86034721600        3.76801520500        3.77933769500       Residual    7222.26330259      MLUPs    447.627866066    
  4  Maxtime , Mintime + JacobiMi , JacobiMa    3.86055569000        3.86054972400        3.76762436700        3.77954408800       Residual    5266.18987024      MLUPs    447.603956207    
