#----------------------------------------------------------------
#    Intel(R) MPI Benchmarks 2018, MPI-1 part
#----------------------------------------------------------------
# Date                  : Tue Nov 23 17:54:45 2021
# Machine               : x86_64
# System                : Linux
# Release               : 5.7.9-1.el7.elrepo.x86_64
# Version               : #1 SMP Wed Jul 15 10:37:17 EDT 2020
# MPI Version           : 3.1
# MPI Thread Environment: 


# Calling sequence was: 

# ./IMB-MPI1 PingPong

# Minimum message length in bytes:   0
# Maximum message length in bytes:   4194304
#
# MPI_Datatype                   :   MPI_BYTE 
# MPI_Datatype for reductions    :   MPI_FLOAT
# MPI_Op                         :   MPI_SUM  
#
#

# List of Benchmarks to run:

# PingPong

#---------------------------------------------------
# Benchmarking PingPong 
# #processes = 2 
#---------------------------------------------------
       #bytes #repetitions      t[usec]   Mbytes/sec
            0         1000        16.01         0.00
            1         1000        16.08         0.06
            2         1000        16.11         0.12
            4         1000        16.10         0.25
            8         1000        16.09         0.50
           16         1000        16.16         0.99
           32         1000        16.14         1.98
           64         1000        16.16         3.96
          128         1000        16.44         7.79
          256         1000        16.78        15.25
          512         1000        17.08        29.97
         1024         1000        17.60        58.19
         2048         1000        39.42        51.95
         4096         1000        39.58       103.48
         8192         1000        40.70       201.27
        16384         1000        42.69       383.81
        32768         1000        50.62       647.29
        65536          640        60.57      1082.07
       131072          320       115.09      1138.86
       262144          160       146.89      1784.61
       524288           80       215.98      2427.46
      1048576           40       328.89      3188.24
      2097152           20       619.44      3385.54
      4194304           10      1278.77      3279.96


# All processes entering MPI_Finalize

