#----------------------------------------------------------------
#    Intel(R) MPI Benchmarks 2018, MPI-1 part
#----------------------------------------------------------------
# Date                  : Tue Nov 23 18:02:56 2021
# Machine               : x86_64
# System                : Linux
# Release               : 5.7.9-1.el7.elrepo.x86_64
# Version               : #1 SMP Wed Jul 15 10:37:17 EDT 2020
# MPI Version           : 3.1
# MPI Thread Environment: 


# Calling sequence was: 

# ./IMB-MPI1 PingPong

# Minimum message length in bytes:   0
# Maximum message length in bytes:   4194304
#
# MPI_Datatype                   :   MPI_BYTE 
# MPI_Datatype for reductions    :   MPI_FLOAT
# MPI_Op                         :   MPI_SUM  
#
#

# List of Benchmarks to run:

# PingPong

#---------------------------------------------------
# Benchmarking PingPong 
# #processes = 2 
#---------------------------------------------------
       #bytes #repetitions      t[usec]   Mbytes/sec
            0         1000         0.99         0.00
            1         1000         0.99         1.02
            2         1000         0.99         2.01
            4         1000         0.99         4.03
            8         1000         0.99         8.09
           16         1000         0.99        16.12
           32         1000         1.01        31.70
           64         1000         1.16        54.97
          128         1000         1.21       105.92
          256         1000         1.43       178.77
          512         1000         1.51       339.79
         1024         1000         1.66       615.67
         2048         1000         2.31       885.50
         4096         1000         3.20      1279.63
         8192         1000         4.46      1835.22
        16384         1000         6.25      2622.16
        32768         1000         8.46      3874.42
        65536          640        12.34      5309.40
       131072          320        18.59      7051.38
       262144          160        31.97      8200.01
       524288           80        53.86      9734.76
      1048576           40        96.89     10822.26
      2097152           20       182.19     11510.70
      4194304           10       352.64     11893.93


# All processes entering MPI_Finalize

