#----------------------------------------------------------------
#    Intel(R) MPI Benchmarks 2018, MPI-1 part
#----------------------------------------------------------------
# Date                  : Tue Nov 23 18:13:04 2021
# Machine               : x86_64
# System                : Linux
# Release               : 5.7.9-1.el7.elrepo.x86_64
# Version               : #1 SMP Wed Jul 15 10:37:17 EDT 2020
# MPI Version           : 3.1
# MPI Thread Environment: 


# Calling sequence was: 

# ./IMB-MPI1 PingPong

# Minimum message length in bytes:   0
# Maximum message length in bytes:   4194304
#
# MPI_Datatype                   :   MPI_BYTE 
# MPI_Datatype for reductions    :   MPI_FLOAT
# MPI_Op                         :   MPI_SUM  
#
#

# List of Benchmarks to run:

# PingPong

#---------------------------------------------------
# Benchmarking PingPong 
# #processes = 2 
#---------------------------------------------------
       #bytes #repetitions      t[usec]   Mbytes/sec
            0         1000         0.20         0.00
            1         1000         0.20         5.00
            2         1000         0.20         9.97
            4         1000         0.20        19.52
            8         1000         0.20        39.31
           16         1000         0.20        78.50
           32         1000         0.24       133.31
           64         1000         0.24       267.63
          128         1000         0.31       407.51
          256         1000         0.35       733.39
          512         1000         0.40      1291.49
         1024         1000         0.49      2079.22
         2048         1000         0.76      2700.84
         4096         1000         1.13      3627.13
         8192         1000         1.86      4396.15
        16384         1000         2.94      5581.05
        32768         1000         4.73      6933.31
        65536          640         8.03      8160.43
       131072          320        14.46      9064.36
       262144          160        12.75     20561.23
       524288           80        22.34     23468.55
      1048576           40        52.80     19859.08
      2097152           20       138.31     15162.35
      4194304           10       307.79     13627.06


# All processes entering MPI_Finalize

