# Threadlevel provided:        3 out of        0        1        2        3
  spat_dim , proc_dim, PBC ? 
           1 -Dim Input         1200           0 T
           2 -Dim Input         1200           0 T
           3 -Dim Input         1200           0 T
#   0 Process grid   2   1   1
           0           3           2
           1           3           2
#   0  Allocated 2 arrays with a total of  13916.4      Mbytes 
# StartResidual    0.00000000000    
  4  Maxtime , Mintime + JacobiMi , JacobiMa    11.1045999290        11.1045979040        10.9015797720        10.9083103900       Residual    12019999.9901      MLUPs    155.611189151    
  4  Maxtime , Mintime + JacobiMi , JacobiMa    11.1017483220        11.1017482780        10.9110357290        10.9140678860       Residual    1999999.99993      MLUPs    155.651159608    
  4  Maxtime , Mintime + JacobiMi , JacobiMa    11.1054125690        11.1054030390        10.9133201390        10.9175035010       Residual    425925.925764      MLUPs    155.599802282    
  4  Maxtime , Mintime + JacobiMi , JacobiMa    11.1088179290        11.1088171940        10.9158228930        10.9210975690       Residual    126543.209811      MLUPs    155.552103837    
  4  Maxtime , Mintime + JacobiMi , JacobiMa    11.1210637030        11.1210627960        10.9279538780        10.9334451920       Residual    51826.1316792      MLUPs    155.380820230    
  4  Maxtime , Mintime + JacobiMi , JacobiMa    11.1287404150        11.1287393580        10.9339718790        10.9410423510       Residual    26702.1351015      MLUPs    155.273637048    
  4  Maxtime , Mintime + JacobiMi , JacobiMa    11.1298475280        11.1298401780        10.9372876210        10.9422224140       Residual    15893.9988867      MLUPs    155.258191602    
  4  Maxtime , Mintime + JacobiMi , JacobiMa    11.1302166310        11.1302142820        10.9348695520        10.9424241330       Residual    10378.2429896      MLUPs    155.253042891    
  4  Maxtime , Mintime + JacobiMi , JacobiMa    11.1248040880        11.1248037650        10.9331524510        10.9370372610       Residual    7222.26330331      MLUPs    155.328578043    
  4  Maxtime , Mintime + JacobiMi , JacobiMa    11.1224009560        11.1224004440        10.9317947050        10.9347020220       Residual    5266.18986943      MLUPs    155.362138700    
