# Threadlevel provided:        3 out of        0        1        2        3
  spat_dim , proc_dim, PBC ? 
           1 -Dim Input         1200           0 T
           2 -Dim Input         1200           0 T
           3 -Dim Input         1200           0 T
#   0 Process grid   3   2   2
           0           3           2
           1           3           2
           2           3           2
           3           3           2
           4           3           2
           5           3           2
           6           3           2
           7           3           2
           8           3           2
           9           3           2
          10           3           2
          11           3           2
#   0  Allocated 2 arrays with a total of  2330.98      Mbytes 
# StartResidual    0.00000000000    
  4  Maxtime , Mintime + JacobiMi , JacobiMa    2.04120197000        2.04092489700        1.96694125700        1.97412030900       Residual    12019999.9905      MLUPs    846.560029530    
  4  Maxtime , Mintime + JacobiMi , JacobiMa    2.03946942300        2.03946227800        1.96779563100        1.97522349400       Residual    1999999.99999      MLUPs    847.279189633    
  4  Maxtime , Mintime + JacobiMi , JacobiMa    2.03972416900        2.03972159300        1.96764743100        1.97534443400       Residual    425925.925796      MLUPs    847.173370921    
  4  Maxtime , Mintime + JacobiMi , JacobiMa    2.03985887800        2.03985565300        1.96752563100        1.97534757900       Residual    126543.209847      MLUPs    847.117424954    
  4  Maxtime , Mintime + JacobiMi , JacobiMa    2.03882249300        2.03881946800        1.96693669700        1.97446238700       Residual    51826.1316865      MLUPs    847.548036150    
  4  Maxtime , Mintime + JacobiMi , JacobiMa    2.04019675900        2.04019384000        1.96822221900        1.97579132700       Residual    26702.1350983      MLUPs    846.977132170    
  4  Maxtime , Mintime + JacobiMi , JacobiMa    2.03997764300        2.03996812000        1.96870343800        1.97545555500       Residual    15893.9988843      MLUPs    847.068106815    
  4  Maxtime , Mintime + JacobiMi , JacobiMa    2.03930877000        2.03930529300        1.96768710700        1.97506657100       Residual    10378.2429902      MLUPs    847.345936731    
  4  Maxtime , Mintime + JacobiMi , JacobiMa    2.03923935400        2.03923593900        1.96752763600        1.97496639600       Residual    7222.26330360      MLUPs    847.374780508    
  4  Maxtime , Mintime + JacobiMi , JacobiMa    2.03988242300        2.03987330400        1.96804393300        1.97532780800       Residual    5266.18987001      MLUPs    847.107647243    
