# Threadlevel provided:        3 out of        0        1        2        3
  spat_dim , proc_dim, PBC ? 
           1 -Dim Input         2400           0 T
           2 -Dim Input         2400           0 T
           3 -Dim Input         2400           0 T
#   0 Process grid   2   2   2
           0           3           2
           3           3           2
           4           3           2
           5           3           2
           6           3           2
           7           3           2
#   0  Allocated 2 arrays with a total of  27786.5      Mbytes 
           1           3           2
           2           3           2
# StartResidual    0.00000000000    
  4  Maxtime , Mintime + JacobiMi , JacobiMa    23.1472836540        23.1471484810        22.6506613130        22.6894881470       Residual    48039999.9610      MLUPs    597.219103833    
  4  Maxtime , Mintime + JacobiMi , JacobiMa    23.1351305460        23.1351267860        22.6517181510        22.6881480230       Residual    7999999.99969      MLUPs    597.532828808    
  4  Maxtime , Mintime + JacobiMi , JacobiMa    23.1469435410        23.1469394340        22.6611713370        22.7007267900       Residual    1703703.70306      MLUPs    597.227879159    
  4  Maxtime , Mintime + JacobiMi , JacobiMa    23.1414849750        23.1414811180        22.6621071160        22.6943550020       Residual    506172.839227      MLUPs    597.368752046    
  4  Maxtime , Mintime + JacobiMi , JacobiMa    23.1386022640        23.1385982410        22.6574833500        22.6914188170       Residual    207304.526726      MLUPs    597.443174928    
  4  Maxtime , Mintime + JacobiMi , JacobiMa    23.1433087550        23.1432980740        22.6580029600        22.6966665490       Residual    106808.540404      MLUPs    597.321677135    
  4  Maxtime , Mintime + JacobiMi , JacobiMa    23.1391199870        23.1391162010        22.6563986020        22.6919813080       Residual    63575.9955490      MLUPs    597.429807519    
  4  Maxtime , Mintime + JacobiMi , JacobiMa    23.1405248280        23.1405208840        22.6579183910        22.6936711900       Residual    41512.9719591      MLUPs    597.393538079    
  4  Maxtime , Mintime + JacobiMi , JacobiMa    23.1484924860        23.1484892530        22.6616497490        22.7016807990       Residual    28889.0532118      MLUPs    597.187916594    
  4  Maxtime , Mintime + JacobiMi , JacobiMa    23.1419856330        23.1419820330        22.6582501590        22.6949078770       Residual    21064.7594773      MLUPs    597.355828460    
