# Threadlevel provided:        3 out of        0        1        2        3
  spat_dim , proc_dim, PBC ? 
           1 -Dim Input         1200           0 T
           2 -Dim Input         1200           0 T
           3 -Dim Input         1200           0 T
#   0 Process grid   2   2   2
           0           3           2
           2           3           2
           4           3           2
           6           3           2
           1           3           2
           3           3           2
           5           3           2
           7           3           2
#   0  Allocated 2 arrays with a total of  3490.68      Mbytes 
# StartResidual    0.00000000000    
  4  Maxtime , Mintime + JacobiMi , JacobiMa    2.83387499700        2.83364880100        2.71736648300        2.74706620000       Residual    12019999.9905      MLUPs    609.765780717    
  4  Maxtime , Mintime + JacobiMi , JacobiMa    2.83171712800        2.83170790800        2.71755977600        2.74754125300       Residual    1999999.99999      MLUPs    610.230443893    
  4  Maxtime , Mintime + JacobiMi , JacobiMa    2.83256914400        2.83256579600        2.71717440100        2.74836530400       Residual    425925.925796      MLUPs    610.046891057    
  4  Maxtime , Mintime + JacobiMi , JacobiMa    2.83257423500        2.83257007000        2.71726236300        2.74845004500       Residual    126543.209849      MLUPs    610.045794616    
  4  Maxtime , Mintime + JacobiMi , JacobiMa    2.83154141700        2.83153527100        2.71742802600        2.74734259000       Residual    51826.1316872      MLUPs    610.268311678    
  4  Maxtime , Mintime + JacobiMi , JacobiMa    2.83203293900        2.83202895300        2.71611353900        2.74788150600       Residual    26702.1350985      MLUPs    610.162394725    
  4  Maxtime , Mintime + JacobiMi , JacobiMa    2.83116023800        2.83115632100        2.71728810700        2.74698513400       Residual    15893.9988845      MLUPs    610.350476390    
  4  Maxtime , Mintime + JacobiMi , JacobiMa    2.83127881400        2.83127284300        2.71707604700        2.74714899400       Residual    10378.2429902      MLUPs    610.324914472    
  4  Maxtime , Mintime + JacobiMi , JacobiMa    2.83044989000        2.83044365200        2.71717503400        2.74630212100       Residual    7222.26330355      MLUPs    610.503653891    
  4  Maxtime , Mintime + JacobiMi , JacobiMa    2.83135496700        2.83135215600        2.71719176700        2.74715250400       Residual    5266.18987010      MLUPs    610.308498984    
