# Threadlevel provided:        3 out of        0        1        2        3
  spat_dim , proc_dim, PBC ? 
           1 -Dim Input         1200           0 T
           2 -Dim Input         1200           0 T
           3 -Dim Input         1200           0 T
#   0 Process grid   4   4   4
           6           3           2
           7           3           2
           8           3           2
           9           3           2
          10           3           2
          11           3           2
          15           3           2
          16           3           2
          17           3           2
          18           3           2
          19           3           2
          20           3           2
          21           3           2
          23           3           2
          25           3           2
          26           3           2
          27           3           2
          28           3           2
          29           3           2
          30           3           2
          31           3           2
          32           3           2
          33           3           2
          34           3           2
          35           3           2
          36           3           2
          37           3           2
          38           3           2
          39           3           2
          40           3           2
          41           3           2
          42           3           2
          43           3           2
          44           3           2
          45           3           2
          46           3           2
          47           3           2
           0           3           2
#   0  Allocated 2 arrays with a total of  440.698      Mbytes 
           1           3           2
           2           3           2
           3           3           2
           4           3           2
           5           3           2
          12           3           2
          14           3           2
          22           3           2
          24           3           2
          48           3           2
          49           3           2
          50           3           2
          51           3           2
          52           3           2
          53           3           2
          54           3           2
          55           3           2
          56           3           2
          13           3           2
          57           3           2
          58           3           2
          59           3           2
          60           3           2
          61           3           2
          62           3           2
          63           3           2
# StartResidual    0.00000000000    
  4  Maxtime , Mintime + JacobiMi , JacobiMa   0.535901524000       0.535595402000       0.351671329000       0.492985330000       Residual    12019999.9904      MLUPs    3224.47300971    
  4  Maxtime , Mintime + JacobiMi , JacobiMa   0.522407853000       0.522387323000       0.351703945000       0.492275955000       Residual    2000000.00000      MLUPs    3307.76038315    
  4  Maxtime , Mintime + JacobiMi , JacobiMa   0.522679936000       0.522662213000       0.351423407000       0.492541915000       Residual    425925.925795      MLUPs    3306.03851608    
  4  Maxtime , Mintime + JacobiMi , JacobiMa   0.524822796000       0.524812817000       0.351624232000       0.496874099000       Residual    126543.209841      MLUPs    3292.53990713    
  4  Maxtime , Mintime + JacobiMi , JacobiMa   0.530403007000       0.530385355000       0.351547496000       0.503817332000       Residual    51826.1316872      MLUPs    3257.90008200    
  4  Maxtime , Mintime + JacobiMi , JacobiMa   0.522857623000       0.522851524000       0.351696250000       0.492733067000       Residual    26702.1350992      MLUPs    3304.91499786    
  4  Maxtime , Mintime + JacobiMi , JacobiMa   0.522733320000       0.522714191000       0.351374382000       0.492605440000       Residual    15893.9988846      MLUPs    3305.70088779    
  4  Maxtime , Mintime + JacobiMi , JacobiMa   0.522875770000       0.522857761000       0.351677702000       0.492788865000       Residual    10378.2429903      MLUPs    3304.80029702    
  4  Maxtime , Mintime + JacobiMi , JacobiMa   0.523002643000       0.522996863000       0.351959004000       0.492889421000       Residual    7222.26330341      MLUPs    3303.99859949    
  4  Maxtime , Mintime + JacobiMi , JacobiMa   0.522857667000       0.522847723000       0.351493837000       0.492828138000       Residual    5266.18987015      MLUPs    3304.91471975    
