# Threadlevel provided:        3 out of        0        1        2        3
  spat_dim , proc_dim, PBC ? 
           1 -Dim Input         1200           0 T
           2 -Dim Input         1200           0 T
           3 -Dim Input         1200           0 T
#   0 Process grid   4   4   2
          10           3           2
          11           3           2
          12           3           2
          13           3           2
          14           3           2
          15           3           2
          16           3           2
          17           3           2
          18           3           2
          19           3           2
          20           3           2
          21           3           2
          22           3           2
          23           3           2
          24           3           2
          25           3           2
          26           3           2
          27           3           2
          28           3           2
          29           3           2
          30           3           2
          31           3           2
           0           3           2
#   0  Allocated 2 arrays with a total of  878.477      Mbytes 
           1           3           2
           2           3           2
           3           3           2
           4           3           2
           5           3           2
           6           3           2
           7           3           2
           8           3           2
           9           3           2
# StartResidual    0.00000000000    
  4  Maxtime , Mintime + JacobiMi , JacobiMa   0.993480563000       0.993151924000       0.720230736000       0.956381989000       Residual    12019999.9904      MLUPs    1739.33951439    
  4  Maxtime , Mintime + JacobiMi , JacobiMa   0.991621051000       0.991610821000       0.720281943000       0.956131431000       Residual    2000000.00000      MLUPs    1742.60116630    
  4  Maxtime , Mintime + JacobiMi , JacobiMa   0.991989984000       0.991971849000       0.719862313000       0.956537822000       Residual    425925.925796      MLUPs    1741.95307198    
  4  Maxtime , Mintime + JacobiMi , JacobiMa   0.991555811000       0.991539123000       0.719749493000       0.956025829000       Residual    126543.209841      MLUPs    1742.71582177    
  4  Maxtime , Mintime + JacobiMi , JacobiMa   0.991173084000       0.991164677000       0.719665574000       0.955671139000       Residual    51826.1316871      MLUPs    1743.38874602    
  4  Maxtime , Mintime + JacobiMi , JacobiMa   0.991835817000       0.991826415000       0.719818298000       0.956358077000       Residual    26702.1350990      MLUPs    1742.22383421    
  4  Maxtime , Mintime + JacobiMi , JacobiMa   0.991236023000       0.991227691000       0.719690969000       0.955722017000       Residual    15893.9988845      MLUPs    1743.27804872    
  4  Maxtime , Mintime + JacobiMi , JacobiMa   0.991805323000       0.991792811000       0.719771609000       0.956245611000       Residual    10378.2429903      MLUPs    1742.27740054    
  4  Maxtime , Mintime + JacobiMi , JacobiMa   0.991989201000       0.991979549000       0.719966602000       0.956624867000       Residual    7222.26330345      MLUPs    1741.95444694    
  4  Maxtime , Mintime + JacobiMi , JacobiMa   0.991734382000       0.991718365000       0.719765180000       0.956239822000       Residual    5266.18987025      MLUPs    1742.40202958    
