# Threadlevel provided:        3 out of        0        1        2        3
  spat_dim , proc_dim, PBC ? 
           1 -Dim Input         1200           0 T
           2 -Dim Input         1200           0 T
           3 -Dim Input         1200           0 T
#   0 Process grid   2   2   1
           0           3           2
           2           3           2
#   0  Allocated 2 arrays with a total of  6969.75      Mbytes 
           1           3           2
           3           3           2
# StartResidual    0.00000000000    
  4  Maxtime , Mintime + JacobiMi , JacobiMa    3.84796477500        3.84794475300        3.76051039800        3.76764847200       Residual    12019999.9905      MLUPs    449.068559886    
  4  Maxtime , Mintime + JacobiMi , JacobiMa    3.84317839700        3.84317399200        3.75929024200        3.76801723900       Residual    1999999.99999      MLUPs    449.627839642    
  4  Maxtime , Mintime + JacobiMi , JacobiMa    3.84245093900        3.84244678300        3.75995587100        3.76687161700       Residual    425925.925763      MLUPs    449.712963791    
  4  Maxtime , Mintime + JacobiMi , JacobiMa    3.84300680400        3.84300396900        3.75821108200        3.76779540500       Residual    126543.209842      MLUPs    449.647915846    
  4  Maxtime , Mintime + JacobiMi , JacobiMa    3.84267131800        3.84266417100        3.76017156300        3.76705026300       Residual    51826.1316899      MLUPs    449.687172542    
  4  Maxtime , Mintime + JacobiMi , JacobiMa    3.84324060600        3.84323589800        3.75979252700        3.76797087600       Residual    26702.1351013      MLUPs    449.620561695    
  4  Maxtime , Mintime + JacobiMi , JacobiMa    3.84307373400        3.84306571900        3.76014860100        3.76741916700       Residual    15893.9988852      MLUPs    449.640084891    
  4  Maxtime , Mintime + JacobiMi , JacobiMa    3.84315912800        3.84315463400        3.75916728900        3.76792210400       Residual    10378.2429891      MLUPs    449.630094005    
  4  Maxtime , Mintime + JacobiMi , JacobiMa    3.84294126400        3.84293836300        3.75997910300        3.76734031900       Residual    7222.26330259      MLUPs    449.655584432    
  4  Maxtime , Mintime + JacobiMi , JacobiMa    3.84331689200        3.84330681800        3.75928951800        3.76801416000       Residual    5266.18987024      MLUPs    449.611637176    
