# Threadlevel provided:        3 out of        0        1        2        3
  spat_dim , proc_dim, PBC ? 
           1 -Dim Input         1200           0 T
           2 -Dim Input         1200           0 T
           3 -Dim Input         1200           0 T
#   0 Process grid   4   3   2
           0           3           2
           4           3           2
           6           3           2
           8           3           2
          10           3           2
          12           3           2
          14           3           2
          16           3           2
          18           3           2
          20           3           2
          22           3           2
           2           3           2
#   0  Allocated 2 arrays with a total of  1169.36      Mbytes 
           1           3           2
           3           3           2
           5           3           2
           7           3           2
           9           3           2
          11           3           2
          13           3           2
          15           3           2
          17           3           2
          19           3           2
          21           3           2
          23           3           2
# StartResidual    0.00000000000    
  4  Maxtime , Mintime + JacobiMi , JacobiMa   0.658796118000       0.657946654000       0.628127375000       0.631650149000       Residual    12019999.9904      MLUPs    2622.96627558    
  4  Maxtime , Mintime + JacobiMi , JacobiMa   0.656210920000       0.656204758000       0.627856267000       0.631741456000       Residual    2000000.00000      MLUPs    2633.29967139    
  4  Maxtime , Mintime + JacobiMi , JacobiMa   0.656149231000       0.656141920000       0.628013062000       0.631667447000       Residual    425925.925794      MLUPs    2633.54724560    
  4  Maxtime , Mintime + JacobiMi , JacobiMa   0.656128166000       0.656120412000       0.627952659000       0.631669514000       Residual    126543.209842      MLUPs    2633.63179565    
  4  Maxtime , Mintime + JacobiMi , JacobiMa   0.656247441000       0.656239738000       0.627929049000       0.631788563000       Residual    51826.1316863      MLUPs    2633.15312494    
  4  Maxtime , Mintime + JacobiMi , JacobiMa   0.656172410000       0.656166419000       0.628070893000       0.631682087000       Residual    26702.1350984      MLUPs    2633.45421671    
  4  Maxtime , Mintime + JacobiMi , JacobiMa   0.656264902000       0.656262603000       0.627992147000       0.631787149000       Residual    15893.9988844      MLUPs    2633.08306559    
  4  Maxtime , Mintime + JacobiMi , JacobiMa   0.656211956000       0.656209956000       0.627944577000       0.631742813000       Residual    10378.2429902      MLUPs    2633.29551405    
  4  Maxtime , Mintime + JacobiMi , JacobiMa   0.656109802000       0.656103380000       0.627963754000       0.631638141000       Residual    7222.26330347      MLUPs    2633.70550894    
  4  Maxtime , Mintime + JacobiMi , JacobiMa   0.656194897000       0.656192152000       0.627908114000       0.631729810000       Residual    5266.18987021      MLUPs    2633.36397144    
