# Threadlevel provided:        3 out of        0        1        2        3
  spat_dim , proc_dim, PBC ? 
           1 -Dim Input         1200           0 T
           2 -Dim Input         1200           0 T
           3 -Dim Input         1200           0 T
#   0 Process grid   4   4   3
          26           3           2
          28           3           2
          30           3           2
          32           3           2
          34           3           2
          36           3           2
          38           3           2
          40           3           2
          42           3           2
          44           3           2
          46           3           2
           0           3           2
#   0  Allocated 2 arrays with a total of  586.624      Mbytes 
           2           3           2
           4           3           2
           6           3           2
           8           3           2
          10           3           2
          12           3           2
          14           3           2
          16           3           2
          18           3           2
          20           3           2
          22           3           2
          24           3           2
           1           3           2
           3           3           2
           5           3           2
           7           3           2
           9           3           2
          11           3           2
          13           3           2
          15           3           2
          17           3           2
          19           3           2
          21           3           2
          23           3           2
          25           3           2
          27           3           2
          29           3           2
          31           3           2
          33           3           2
          35           3           2
          37           3           2
          39           3           2
          41           3           2
          43           3           2
          45           3           2
          47           3           2
# StartResidual    0.00000000000    
  4  Maxtime , Mintime + JacobiMi , JacobiMa   0.418203903000       0.394563735000       0.314504879000       0.321800377000       Residual    12019999.9904      MLUPs    4131.95569818    
  4  Maxtime , Mintime + JacobiMi , JacobiMa   0.340695849000       0.340692330000       0.314234221000       0.323515392000       Residual    2000000.00000      MLUPs    5071.97256753    
  4  Maxtime , Mintime + JacobiMi , JacobiMa   0.339125574000       0.339117915000       0.314338877000       0.322451397000       Residual    425925.925798      MLUPs    5095.45764897    
  4  Maxtime , Mintime + JacobiMi , JacobiMa   0.339206691000       0.339193412000       0.314219785000       0.322495992000       Residual    126543.209841      MLUPs    5094.23913457    
  4  Maxtime , Mintime + JacobiMi , JacobiMa   0.339300989000       0.339296776000       0.314274368000       0.322470109000       Residual    51826.1316875      MLUPs    5092.82335160    
  4  Maxtime , Mintime + JacobiMi , JacobiMa   0.340735933000       0.340730175000       0.314219622000       0.323580721000       Residual    26702.1350991      MLUPs    5071.37590329    
  4  Maxtime , Mintime + JacobiMi , JacobiMa   0.339214904000       0.339206485000       0.314279607000       0.322483759000       Residual    15893.9988846      MLUPs    5094.11579392    
  4  Maxtime , Mintime + JacobiMi , JacobiMa   0.339163790000       0.339154661000       0.314187713000       0.322449950000       Residual    10378.2429903      MLUPs    5094.88350746    
  4  Maxtime , Mintime + JacobiMi , JacobiMa   0.339227271000       0.339221620000       0.314438622000       0.322562606000       Residual    7222.26330344      MLUPs    5093.93008087    
  4  Maxtime , Mintime + JacobiMi , JacobiMa   0.345656204000       0.343654334000       0.314307751000       0.328081942000       Residual    5266.18987019      MLUPs    4999.18699564    
