# Threadlevel provided:        3 out of        0        1        2        3
  spat_dim , proc_dim, PBC ? 
           1 -Dim Input         1200           0 T
           2 -Dim Input         1200           0 T
           3 -Dim Input         1200           0 T
#   0 Process grid   3   2   2
           0           3           2
           3           3           2
           4           3           2
           5           3           2
           6           3           2
           7           3           2
           8           3           2
           9           3           2
          10           3           2
          11           3           2
#   0  Allocated 2 arrays with a total of  2330.98      Mbytes 
           1           3           2
           2           3           2
# StartResidual    0.00000000000    
  4  Maxtime , Mintime + JacobiMi , JacobiMa    1.93303459200        1.93276576600        1.83564721700        1.87087258200       Residual    12019999.9905      MLUPs    893.931234936    
  4  Maxtime , Mintime + JacobiMi , JacobiMa    1.93047559800        1.93046646700        1.83516887000        1.87080958600       Residual    1999999.99999      MLUPs    895.116209596    
  4  Maxtime , Mintime + JacobiMi , JacobiMa    1.92989806400        1.92989479100        1.83549199600        1.87021791500       Residual    425925.925796      MLUPs    895.384078690    
  4  Maxtime , Mintime + JacobiMi , JacobiMa    1.93152310000        1.93151925100        1.83603250100        1.87193532700       Residual    126543.209847      MLUPs    894.630770919    
  4  Maxtime , Mintime + JacobiMi , JacobiMa    1.93040970000        1.93040574600        1.83580784700        1.87076619300       Residual    51826.1316865      MLUPs    895.146765995    
  4  Maxtime , Mintime + JacobiMi , JacobiMa    1.93006880000        1.93005927300        1.83594528600        1.87046651800       Residual    26702.1350983      MLUPs    895.304872034    
  4  Maxtime , Mintime + JacobiMi , JacobiMa    1.93218753800        1.93218408200        1.83690102200        1.87254266100       Residual    15893.9988843      MLUPs    894.323126516    
  4  Maxtime , Mintime + JacobiMi , JacobiMa    1.93012016400        1.93010897400        1.83635755500        1.87049837700       Residual    10378.2429902      MLUPs    895.281046346    
  4  Maxtime , Mintime + JacobiMi , JacobiMa    1.93056923700        1.93056020800        1.83496468600        1.87094873200       Residual    7222.26330360      MLUPs    895.072793497    
  4  Maxtime , Mintime + JacobiMi , JacobiMa    1.93113853300        1.93113366300        1.83794638000        1.87147359200       Residual    5266.18987001      MLUPs    894.808927724    
