# Threadlevel provided:        3 out of        0        1        2        3
  spat_dim , proc_dim, PBC ? 
           1 -Dim Input         1200           0 T
           2 -Dim Input         1200           0 T
           3 -Dim Input         1200           0 T
#   0 Process grid   3   2   2
           0           3           2
           4           3           2
           8           3           2
          10           3           2
           2           3           2
#   0  Allocated 2 arrays with a total of  2330.98      Mbytes 
           6           3           2
           1           3           2
           3           3           2
           5           3           2
           7           3           2
           9           3           2
          11           3           2
# StartResidual    0.00000000000    
  4  Maxtime , Mintime + JacobiMi , JacobiMa    1.30918928100        1.30809841400        1.25525050200        1.26395035600       Residual    12019999.9905      MLUPs    1319.90081578    
  4  Maxtime , Mintime + JacobiMi , JacobiMa    1.30647385100        1.30527940300        1.25516773900        1.26450827400       Residual    1999999.99999      MLUPs    1322.64415294    
  4  Maxtime , Mintime + JacobiMi , JacobiMa    1.30596519800        1.30596361500        1.25525369200        1.26403620600       Residual    425925.925796      MLUPs    1323.15930214    
  4  Maxtime , Mintime + JacobiMi , JacobiMa    1.30612288100        1.30611978600        1.25519713400        1.26419744100       Residual    126543.209847      MLUPs    1322.99956240    
  4  Maxtime , Mintime + JacobiMi , JacobiMa    1.30598188500        1.30597832300        1.25531826900        1.26410005600       Residual    51826.1316865      MLUPs    1323.14239565    
  4  Maxtime , Mintime + JacobiMi , JacobiMa    1.30613761400        1.30613406300        1.25522811900        1.26423507000       Residual    26702.1350983      MLUPs    1322.98463920    
  4  Maxtime , Mintime + JacobiMi , JacobiMa    1.30609303200        1.30608977600        1.25528698300        1.26411887000       Residual    15893.9988843      MLUPs    1323.02979777    
  4  Maxtime , Mintime + JacobiMi , JacobiMa    1.30605713900        1.30605357800        1.25528869900        1.26418301200       Residual    10378.2429902      MLUPs    1323.06615722    
  4  Maxtime , Mintime + JacobiMi , JacobiMa    1.30588490600        1.30588096600        1.25520704000        1.26391444700       Residual    7222.26330360      MLUPs    1323.24065625    
  4  Maxtime , Mintime + JacobiMi , JacobiMa    1.30599532900        1.30599198700        1.25523077000        1.26413520400       Residual    5266.18987001      MLUPs    1323.12877514    
