# Threadlevel provided:        3 out of        0        1        2        3
  spat_dim , proc_dim, PBC ? 
           1 -Dim Input         1200           0 T
           2 -Dim Input         1200           0 T
           3 -Dim Input         1200           0 T
#   0 Process grid   4   2   2
           0           3           2
           4           3           2
          12           3           2
          14           3           2
           2           3           2
#   0  Allocated 2 arrays with a total of  1751.14      Mbytes 
           6           3           2
           8           3           2
          10           3           2
           1           3           2
           3           3           2
           5           3           2
           7           3           2
           9           3           2
          11           3           2
          13           3           2
          15           3           2
# StartResidual    0.00000000000    
  4  Maxtime , Mintime + JacobiMi , JacobiMa   0.982230363000       0.981033635000       0.941047279000       0.946010936000       Residual    12019999.9904      MLUPs    1759.26143713    
  4  Maxtime , Mintime + JacobiMi , JacobiMa   0.979605544000       0.979601787000       0.940916401000       0.946186574000       Residual    1999999.99999      MLUPs    1763.97531699    
  4  Maxtime , Mintime + JacobiMi , JacobiMa   0.979625048000       0.979620539000       0.940986856000       0.946059631000       Residual    425925.925796      MLUPs    1763.94019684    
  4  Maxtime , Mintime + JacobiMi , JacobiMa   0.979636488000       0.979633217000       0.940988569000       0.946265438000       Residual    126543.209846      MLUPs    1763.91959790    
  4  Maxtime , Mintime + JacobiMi , JacobiMa   0.979578038000       0.979575776000       0.940953367000       0.946046666000       Residual    51826.1316865      MLUPs    1764.02484842    
  4  Maxtime , Mintime + JacobiMi , JacobiMa   0.979620343000       0.979617764000       0.941041175000       0.946208804000       Residual    26702.1350983      MLUPs    1763.94866884    
  4  Maxtime , Mintime + JacobiMi , JacobiMa   0.979544670000       0.979543284000       0.941009796000       0.946055195000       Residual    15893.9988844      MLUPs    1764.08493959    
  4  Maxtime , Mintime + JacobiMi , JacobiMa   0.979676717000       0.979674848000       0.941031779000       0.946101935000       Residual    10378.2429902      MLUPs    1763.84716511    
  4  Maxtime , Mintime + JacobiMi , JacobiMa   0.979557891000       0.979554954000       0.941026441000       0.945962360000       Residual    7222.26330352      MLUPs    1764.06112990    
  4  Maxtime , Mintime + JacobiMi , JacobiMa   0.979684429000       0.979681577000       0.941061483000       0.946198765000       Residual    5266.18987004      MLUPs    1763.83328024    
