# Threadlevel provided:        3 out of        0        1        2        3
  spat_dim , proc_dim, PBC ? 
           1 -Dim Input         2400           0 T
           2 -Dim Input         2400           0 T
           3 -Dim Input         2400           0 T
#   0 Process grid   2   2   2
           0           3           2
           6           3           2
           7           3           2
           1           3           2
           2           3           2
           3           3           2
           4           3           2
           5           3           2
#   0  Allocated 2 arrays with a total of  27786.5      Mbytes 
# StartResidual    0.00000000000    
  4  Maxtime , Mintime + JacobiMi , JacobiMa    15.2924554570        15.2912902530        15.0515357630        15.0833385220       Residual    48039999.9610      MLUPs    903.975168597    
  4  Maxtime , Mintime + JacobiMi , JacobiMa    15.2863642860        15.2863578380        15.0511142390        15.0828590910       Residual    7999999.99969      MLUPs    904.335376376    
  4  Maxtime , Mintime + JacobiMi , JacobiMa    15.2866684790        15.2866656710        15.0521626280        15.0832396850       Residual    1703703.70306      MLUPs    904.317380794    
  4  Maxtime , Mintime + JacobiMi , JacobiMa    15.2863660570        15.2863636510        15.0509719400        15.0829216080       Residual    506172.839227      MLUPs    904.335271604    
  4  Maxtime , Mintime + JacobiMi , JacobiMa    15.2868673330        15.2868641220        15.0516255680        15.0835231880       Residual    207304.526726      MLUPs    904.305617290    
  4  Maxtime , Mintime + JacobiMi , JacobiMa    15.2868743140        15.2868726750        15.0515172200        15.0835401780       Residual    106808.540404      MLUPs    904.305204324    
  4  Maxtime , Mintime + JacobiMi , JacobiMa    15.2867947020        15.2867920840        15.0517799770        15.0834296880       Residual    63575.9955490      MLUPs    904.309913849    
  4  Maxtime , Mintime + JacobiMi , JacobiMa    15.2865281290        15.2865262040        15.0508208730        15.0832145920       Residual    41512.9719591      MLUPs    904.325683592    
  4  Maxtime , Mintime + JacobiMi , JacobiMa    15.2862705550        15.2862695930        15.0518517620        15.0827436060       Residual    28889.0532118      MLUPs    904.340921500    
  4  Maxtime , Mintime + JacobiMi , JacobiMa    15.2871024390        15.2871007770        15.0510427060        15.0837268240       Residual    21064.7594773      MLUPs    904.291709640    
