# Threadlevel provided:        3 out of        0        1        2        3
  spat_dim , proc_dim, PBC ? 
           1 -Dim Input         3257           0 T
           2 -Dim Input         3257           0 T
           3 -Dim Input         3257           0 T
#   0 Process grid   5   2   2
           0           3           2
           1           3           2
           2           3           2
           3           3           2
           4           3           2
           5           3           2
           6           3           2
           7           3           2
           8           3           2
           9           3           2
          10           3           2
          11           3           2
          12           3           2
          13           3           2
          14           3           2
          15           3           2
          16           3           2
          17           3           2
          18           3           2
          19           3           2
#   0  Allocated 2 arrays with a total of  27835.9      Mbytes 
# StartResidual    0.00000000000    
  4  Maxtime , Mintime + JacobiMi , JacobiMa    15.3352648580        15.3340449230        15.0202161460        15.1601499990       Residual    88454691.5961      MLUPs    2253.00416477    
  4  Maxtime , Mintime + JacobiMi , JacobiMa    15.3278193390        15.3278177040        15.0178210800        15.1601525180       Residual    14733401.3885      MLUPs    2254.09856607    
  4  Maxtime , Mintime + JacobiMi , JacobiMa    15.3359721910        15.3359647170        15.0189002180        15.1689567580       Residual    3137668.81317      MLUPs    2252.90025065    
  4  Maxtime , Mintime + JacobiMi , JacobiMa    15.3384546210        15.3384483960        15.0182748570        15.1708767090       Residual    932205.951669      MLUPs    2252.53563326    
  4  Maxtime , Mintime + JacobiMi , JacobiMa    15.3429775790        15.3429711470        15.0197344410        15.1759777250       Residual    381787.600258      MLUPs    2251.87160804    
  4  Maxtime , Mintime + JacobiMi , JacobiMa    15.3390694230        15.3390625030        15.0182645730        15.1714314970       Residual    196706.637185      MLUPs    2252.44534986    
  4  Maxtime , Mintime + JacobiMi , JacobiMa    15.3435744160        15.3435693940        15.0195322160        15.1766746320       Residual    117086.332637      MLUPs    2251.78401435    
  4  Maxtime , Mintime + JacobiMi , JacobiMa    15.3396649960        15.3396584860        15.0190219020        15.1719306830       Residual    76453.4098468      MLUPs    2252.35789713    
  4  Maxtime , Mintime + JacobiMi , JacobiMa    15.3472399180        15.3472372990        15.0198698460        15.1803105890       Residual    53204.2520890      MLUPs    2251.24620307    
  4  Maxtime , Mintime + JacobiMi , JacobiMa    15.3492440460        15.3492384600        15.0185756720        15.1815095290       Residual    38794.4445652      MLUPs    2250.95226120    
