# Threadlevel provided:        3 out of        0        1        2        3
  spat_dim , proc_dim, PBC ? 
           1 -Dim Input         1905           0 T
           2 -Dim Input         1905           0 T
           3 -Dim Input         1905           0 T
#   0 Process grid   2   2   1
           0           3           2
           2           3           2
           3           3           2
           1           3           2
#   0  Allocated 2 arrays with a total of  27827.7      Mbytes 
# StartResidual    0.00000000000    
  4  Maxtime , Mintime + JacobiMi , JacobiMa    15.5282576320        15.5282365270        15.0280919910        15.3760639150       Residual    30273624.9756      MLUPs    445.207233731    
  4  Maxtime , Mintime + JacobiMi , JacobiMa    15.5205211770        15.5205188570        15.0266247060        15.3744720130       Residual    5040312.49979      MLUPs    445.429154483    
  4  Maxtime , Mintime + JacobiMi , JacobiMa    15.5213959320        15.5213931070        15.0276859690        15.3753535570       Residual    1073399.88388      MLUPs    445.404050981    
  4  Maxtime , Mintime + JacobiMi , JacobiMa    15.5204177240        15.5204111020        15.0268354890        15.3743275560       Residual    318908.661067      MLUPs    445.432123538    
  4  Maxtime , Mintime + JacobiMi , JacobiMa    15.5213267220        15.5213235500        15.0281904510        15.3752876060       Residual    130609.949664      MLUPs    445.406037050    
  4  Maxtime , Mintime + JacobiMi , JacobiMa    15.5208532010        15.5208473620        15.0272170670        15.3748181690       Residual    67293.5526580      MLUPs    445.419625807    
  4  Maxtime , Mintime + JacobiMi , JacobiMa    15.5220314890        15.5220247110        15.0287049760        15.3760067400       Residual    40055.3606364      MLUPs    445.385813700    
  4  Maxtime , Mintime + JacobiMi , JacobiMa    15.5202692480        15.5202675070        15.0273441100        15.3741779940       Residual    26154.7939373      MLUPs    445.436384803    
  4  Maxtime , Mintime + JacobiMi , JacobiMa    15.5211465440        15.5211439900        15.0278785830        15.3750858790       Residual    18201.2319994      MLUPs    445.411207568    
  4  Maxtime , Mintime + JacobiMi , JacobiMa    15.5201108010        15.5201045660        15.0270567290        15.3740089940       Residual    13271.6213124      MLUPs    445.440932326    
