# Threadlevel provided:        3 out of        0        1        2        3
  spat_dim , proc_dim, PBC ? 
           1 -Dim Input         3024           0 T
           2 -Dim Input         3024           0 T
           3 -Dim Input         3024           0 T
#   0 Process grid   4   2   2
          14           3           2
          15           3           2
           0           3           2
           1           3           2
           2           3           2
           3           3           2
           4           3           2
           5           3           2
           6           3           2
           7           3           2
           8           3           2
           9           3           2
          10           3           2
          11           3           2
          12           3           2
          13           3           2
#   0  Allocated 2 arrays with a total of  27799.8      Mbytes 
# StartResidual    0.00000000000    
  4  Maxtime , Mintime + JacobiMi , JacobiMa    15.4081779640        15.4070602890        15.0672623330        15.2201259060       Residual    76255199.9388      MLUPs    1794.70914008    
  4  Maxtime , Mintime + JacobiMi , JacobiMa    15.4007128290        15.4007093920        15.0672300200        15.2206580530       Residual    12700799.9997      MLUPs    1795.57908332    
  4  Maxtime , Mintime + JacobiMi , JacobiMa    15.4002667710        15.4002593860        15.0672011420        15.2201284360       Residual    2704799.99903      MLUPs    1795.63109102    
  4  Maxtime , Mintime + JacobiMi , JacobiMa    15.4001208560        15.4001167540        15.0671485440        15.2197862730       Residual    803599.999606      MLUPs    1795.64810449    
  4  Maxtime , Mintime + JacobiMi , JacobiMa    15.3998194200        15.3998171100        15.0669669990        15.2198034420       Residual    329116.666629      MLUPs    1795.68325250    
  4  Maxtime , Mintime + JacobiMi , JacobiMa    15.3999834880        15.3999779150        15.0671170080        15.2198858740       Residual    169569.238739      MLUPs    1795.66412169    
  4  Maxtime , Mintime + JacobiMi , JacobiMa    15.4004619550        15.4004567960        15.0670970500        15.2204137070       Residual    100933.250530      MLUPs    1795.60833336    
  4  Maxtime , Mintime + JacobiMi , JacobiMa    15.4008446700        15.4008403210        15.0668857160        15.2208493110       Residual    65905.9942915      MLUPs    1795.56371203    
  4  Maxtime , Mintime + JacobiMi , JacobiMa    15.4007075670        15.4007043790        15.0672708000        15.2207288190       Residual    45864.2608791      MLUPs    1795.57969682    
  4  Maxtime , Mintime + JacobiMi , JacobiMa    15.4003583070        15.4003545190        15.0670272160        15.2204124540       Residual    33442.4121466      MLUPs    1795.62041822    
