# Threadlevel provided:        3 out of        0        1        2        3
  spat_dim , proc_dim, PBC ? 
           1 -Dim Input         3461           0 T
           2 -Dim Input         3461           0 T
           3 -Dim Input         3461           0 T
#   0 Process grid   4   3   2
           0           3           2
           2           3           2
           4           3           2
           6           3           2
           8           3           2
          10           3           2
          12           3           2
          14           3           2
          16           3           2
          18           3           2
          20           3           2
          22           3           2
#   0  Allocated 2 arrays with a total of  27822.5      Mbytes 
           1           3           2
           3           3           2
           5           3           2
           9           3           2
          11           3           2
          13           3           2
          15           3           2
          17           3           2
          19           3           2
          21           3           2
          23           3           2
           7           3           2
# StartResidual    0.00000000000    
  4  Maxtime , Mintime + JacobiMi , JacobiMa    15.3576645520        15.3556402580        15.0074517820        15.1825569780       Residual    99878691.5859      MLUPs    2699.47693158    
  4  Maxtime , Mintime + JacobiMi , JacobiMa    15.3466757790        15.3466579090        15.0107939430        15.1804831030       Residual    16636834.7218      MLUPs    2701.40985436    
  4  Maxtime , Mintime + JacobiMi , JacobiMa    15.3487825500        15.3487643590        15.0054558420        15.1826740270       Residual    3543029.61555      MLUPs    2701.03905935    
  4  Maxtime , Mintime + JacobiMi , JacobiMa    15.3497631500        15.3497401700        15.0109276490        15.1835310530       Residual    1052639.23350      MLUPs    2700.86650692    
  4  Maxtime , Mintime + JacobiMi , JacobiMa    15.3465654750        15.3465427320        15.0068881670        15.1803027660       Residual    431111.393534      MLUPs    2701.42927084    
  4  Maxtime , Mintime + JacobiMi , JacobiMa    15.3493587220        15.3493403380        15.0101911310        15.1832350770       Residual    222119.504193      MLUPs    2700.93766990    
  4  Maxtime , Mintime + JacobiMi , JacobiMa    15.3488375340        15.3488176400        15.0068324930        15.1827035780       Residual    132212.916274      MLUPs    2701.02938344    
  4  Maxtime , Mintime + JacobiMi , JacobiMa    15.3481040310        15.3480805450        15.0097297470        15.1820469510       Residual    86330.5566631      MLUPs    2701.15846865    
  4  Maxtime , Mintime + JacobiMi , JacobiMa    15.3477683320        15.3477437770        15.0070828500        15.1815140550       Residual    60077.8004450      MLUPs    2701.21755060    
  4  Maxtime , Mintime + JacobiMi , JacobiMa    15.3488181290        15.3487940210        15.0098309290        15.1826959430       Residual    43806.3652375      MLUPs    2701.03279826    
