# Threadlevel provided:        3 out of        0        1        2        3
  spat_dim , proc_dim, PBC ? 
           1 -Dim Input         4361           0 T
           2 -Dim Input         4361           0 T
           3 -Dim Input         4361           0 T
#   0 Process grid   4   4   3
          12           3           2
          14           3           2
          16           3           2
          18           3           2
          20           3           2
          22           3           2
          24           3           2
          26           3           2
          28           3           2
          30           3           2
          34           3           2
          36           3           2
          38           3           2
          40           3           2
          42           3           2
          44           3           2
          46           3           2
           0           3           2
#   0  Allocated 2 arrays with a total of  27830.5      Mbytes 
           2           3           2
           4           3           2
           6           3           2
           8           3           2
          10           3           2
          32           3           2
           1           3           2
           3           3           2
           5           3           2
           7           3           2
           9           3           2
          11           3           2
          13           3           2
          15           3           2
          17           3           2
          19           3           2
          21           3           2
          23           3           2
          25           3           2
          27           3           2
          29           3           2
          31           3           2
          33           3           2
          35           3           2
          37           3           2
          39           3           2
          41           3           2
          43           3           2
          45           3           2
          47           3           2
# StartResidual    0.00000000000    
  4  Maxtime , Mintime + JacobiMi , JacobiMa    15.7033481000        15.6985735750        15.0850944290        15.4521244560       Residual    158558691.539      MLUPs    5281.60602139    
  4  Maxtime , Mintime + JacobiMi , JacobiMa    15.7366288540        15.7366094770        15.1194857260        15.5124711790       Residual    26414334.7217      MLUPs    5270.43616841    
  4  Maxtime , Mintime + JacobiMi , JacobiMa    15.7427444070        15.7427236930        15.1386352080        15.5182051610       Residual    5625274.98524      MLUPs    5268.38877243    
  4  Maxtime , Mintime + JacobiMi , JacobiMa    15.7434296490        15.7434080740        15.1448608850        15.5194638880       Residual    1671277.35055      MLUPs    5268.15946272    
  4  Maxtime , Mintime + JacobiMi , JacobiMa    15.7459220900        15.7458988120        15.1472160190        15.5216761400       Residual    684476.394841      MLUPs    5267.32555940    
  4  Maxtime , Mintime + JacobiMi , JacobiMa    15.7488126140        15.7487960900        15.1510961050        15.5241982250       Residual    352659.567170      MLUPs    5266.35879884    
  4  Maxtime , Mintime + JacobiMi , JacobiMa    15.7458252030        15.7458063470        15.1506511390        15.5214553980       Residual    209914.703319      MLUPs    5267.35797024    
  4  Maxtime , Mintime + JacobiMi , JacobiMa    15.7456409510        15.7456230320        15.1467442490        15.5213373880       Residual    137067.192071      MLUPs    5267.41960769    
  4  Maxtime , Mintime + JacobiMi , JacobiMa    15.7470907650        15.7470666260        15.1485299290        15.5226044580       Residual    95385.6401667      MLUPs    5266.93464328    
  4  Maxtime , Mintime + JacobiMi , JacobiMa    15.7478972840        15.7478803690        15.1486545260        15.5236802780       Residual    69551.4509632      MLUPs    5266.66490042    
