# Threadlevel provided:        3 out of        0        1        2        3
  spat_dim , proc_dim, PBC ? 
           1 -Dim Input         1200           0 T
           2 -Dim Input         1200           0 T
           3 -Dim Input         1200           0 T
#   0 Process grid   4   2   2
          10           3           2
          13           3           2
          14           3           2
          15           3           2
           0           3           2
#   0  Allocated 2 arrays with a total of  1751.14      Mbytes 
           1           3           2
           2           3           2
           3           3           2
           4           3           2
           5           3           2
           6           3           2
           7           3           2
           8           3           2
           9           3           2
          11           3           2
          12           3           2
# StartResidual    0.00000000000    
  4  Maxtime , Mintime + JacobiMi , JacobiMa    1.48151724100        1.48131512100        1.40167405000        1.43155455900       Residual    12019999.9904      MLUPs    1166.37184650    
  4  Maxtime , Mintime + JacobiMi , JacobiMa    1.47865270600        1.47864385500        1.40165623600        1.43115267400       Residual    1999999.99999      MLUPs    1168.63141222    
  4  Maxtime , Mintime + JacobiMi , JacobiMa    1.47951173900        1.47950064300        1.40247927900        1.43198286700       Residual    425925.925796      MLUPs    1167.95288233    
  4  Maxtime , Mintime + JacobiMi , JacobiMa    1.47942639900        1.47942268400        1.40143236700        1.43194665200       Residual    126543.209846      MLUPs    1168.02025513    
  4  Maxtime , Mintime + JacobiMi , JacobiMa    1.48036577500        1.48036243100        1.40172526900        1.43278191200       Residual    51826.1316865      MLUPs    1167.27908006    
  4  Maxtime , Mintime + JacobiMi , JacobiMa    1.47878379200        1.47878037200        1.40089461700        1.43131356600       Residual    26702.1350983      MLUPs    1168.52781952    
  4  Maxtime , Mintime + JacobiMi , JacobiMa    1.47945081300        1.47943965700        1.40202894900        1.43180883600       Residual    15893.9988844      MLUPs    1168.00098037    
  4  Maxtime , Mintime + JacobiMi , JacobiMa    1.47914086000        1.47913620400        1.40169589900        1.43165980800       Residual    10378.2429902      MLUPs    1168.24573422    
  4  Maxtime , Mintime + JacobiMi , JacobiMa    1.48367564500        1.48367203800        1.40167337600        1.43615676600       Residual    7222.26330352      MLUPs    1164.67504594    
  4  Maxtime , Mintime + JacobiMi , JacobiMa    1.47959205000        1.47958076800        1.40137295400        1.43202463100       Residual    5266.18987004      MLUPs    1167.88948684    
