# Threadlevel provided:        3 out of        0        1        2        3
  spat_dim , proc_dim, PBC ? 
           1 -Dim Input         1200           0 T
           2 -Dim Input         1200           0 T
           3 -Dim Input         1200           0 T
#   0 Process grid   4   4   3
           9           3           2
          10           3           2
          12           3           2
          13           3           2
          14           3           2
          15           3           2
          16           3           2
          17           3           2
          18           3           2
          19           3           2
          20           3           2
          21           3           2
          22           3           2
          23           3           2
          24           3           2
          25           3           2
          26           3           2
          27           3           2
          28           3           2
          29           3           2
          30           3           2
          31           3           2
          32           3           2
          34           3           2
          35           3           2
          36           3           2
          37           3           2
          38           3           2
          39           3           2
          40           3           2
          41           3           2
          42           3           2
          43           3           2
          44           3           2
          45           3           2
          46           3           2
           0           3           2
#   0  Allocated 2 arrays with a total of  586.624      Mbytes 
           1           3           2
           2           3           2
           3           3           2
           4           3           2
           5           3           2
           6           3           2
           7           3           2
           8           3           2
          11           3           2
          33           3           2
          47           3           2
# StartResidual    0.00000000000    
  4  Maxtime , Mintime + JacobiMi , JacobiMa   0.690980450000       0.690748465000       0.639026361000       0.657656642000       Residual    12019999.9904      MLUPs    2500.79434230    
  4  Maxtime , Mintime + JacobiMi , JacobiMa   0.690417371000       0.690410195000       0.638166148000       0.659063962000       Residual    2000000.00000      MLUPs    2502.83389813    
  4  Maxtime , Mintime + JacobiMi , JacobiMa   0.688828454000       0.688819774000       0.639023908000       0.655329671000       Residual    425925.925798      MLUPs    2508.60717203    
  4  Maxtime , Mintime + JacobiMi , JacobiMa   0.688974788000       0.688964154000       0.639292345000       0.655599089000       Residual    126543.209841      MLUPs    2508.07435932    
  4  Maxtime , Mintime + JacobiMi , JacobiMa   0.705995818000       0.705980164000       0.639067122000       0.676166904000       Residual    51826.1316875      MLUPs    2447.60656642    
  4  Maxtime , Mintime + JacobiMi , JacobiMa   0.688908837000       0.688899200000       0.639543217000       0.655597949000       Residual    26702.1350991      MLUPs    2508.31446367    
  4  Maxtime , Mintime + JacobiMi , JacobiMa   0.688749007000       0.688730535000       0.639496498000       0.655232309000       Residual    15893.9988846      MLUPs    2508.89653914    
  4  Maxtime , Mintime + JacobiMi , JacobiMa   0.690716408000       0.690709916000       0.639722599000       0.659404378000       Residual    10378.2429903      MLUPs    2501.75032761    
  4  Maxtime , Mintime + JacobiMi , JacobiMa   0.705153828000       0.705146479000       0.639728212000       0.656000065000       Residual    7222.26330344      MLUPs    2450.52913476    
  4  Maxtime , Mintime + JacobiMi , JacobiMa   0.689287011000       0.689269446000       0.639771751000       0.655829621000       Residual    5266.18987019      MLUPs    2506.93828902    
