# Threadlevel provided:        3 out of        0        1        2        3
  spat_dim , proc_dim, PBC ? 
           1 -Dim Input         1200           0 T
           2 -Dim Input         1200           0 T
           3 -Dim Input         1200           0 T
#   0 Process grid   2   2   2
           0           3           2
           2           3           2
           4           3           2
           3           3           2
           5           3           2
           6           3           2
           7           3           2
           1           3           2
#   0  Allocated 2 arrays with a total of  3490.68      Mbytes 
# StartResidual    0.00000000000    
  4  Maxtime , Mintime + JacobiMi , JacobiMa    2.83746914400        2.83724675300        2.74084573600        2.74941870700       Residual    12019999.9905      MLUPs    608.993406555    
  4  Maxtime , Mintime + JacobiMi , JacobiMa    2.83704282400        2.83703923500        2.74085831500        2.75143949700       Residual    1999999.99999      MLUPs    609.084919474    
  4  Maxtime , Mintime + JacobiMi , JacobiMa    2.83716504000        2.83716241500        2.74105134800        2.75153642300       Residual    425925.925796      MLUPs    609.058682043    
  4  Maxtime , Mintime + JacobiMi , JacobiMa    2.83677879000        2.83677566600        2.74158151000        2.75114612800       Residual    126543.209849      MLUPs    609.141610228    
  4  Maxtime , Mintime + JacobiMi , JacobiMa    2.83674030200        2.83673277000        2.74132072000        2.75117077000       Residual    51826.1316872      MLUPs    609.149874869    
  4  Maxtime , Mintime + JacobiMi , JacobiMa    2.83597013600        2.83596678900        2.74054005900        2.75034489500       Residual    26702.1350985      MLUPs    609.315302042    
  4  Maxtime , Mintime + JacobiMi , JacobiMa    2.83624010500        2.83623687000        2.74084063700        2.75064014500       Residual    15893.9988845      MLUPs    609.257304046    
  4  Maxtime , Mintime + JacobiMi , JacobiMa    2.83670164100        2.83669444200        2.74068724600        2.75113149300       Residual    10378.2429902      MLUPs    609.158176886    
  4  Maxtime , Mintime + JacobiMi , JacobiMa    2.83683575400        2.83683429500        2.74062031700        2.75127008000       Residual    7222.26330355      MLUPs    609.129378591    
  4  Maxtime , Mintime + JacobiMi , JacobiMa    2.83632873700        2.83632573900        2.74087543300        2.75076590500       Residual    5266.18987010      MLUPs    609.238265459    
