# Threadlevel provided:        3 out of        0        1        2        3
  spat_dim , proc_dim, PBC ? 
           1 -Dim Input         1200           0 T
           2 -Dim Input         1200           0 T
           3 -Dim Input         1200           0 T
#   0 Process grid   4   3   2
          10           3           2
          15           3           2
          16           3           2
          17           3           2
          18           3           2
          19           3           2
          20           3           2
          21           3           2
          22           3           2
          23           3           2
           0           3           2
#   0  Allocated 2 arrays with a total of  1169.36      Mbytes 
           1           3           2
           2           3           2
           3           3           2
           4           3           2
           5           3           2
           6           3           2
           7           3           2
           8           3           2
           9           3           2
          11           3           2
          12           3           2
          13           3           2
          14           3           2
# StartResidual    0.00000000000    
  4  Maxtime , Mintime + JacobiMi , JacobiMa    1.02738712100        1.02718946900       0.963508943000       0.990341861000       Residual    12019999.9904      MLUPs    1681.93659885    
  4  Maxtime , Mintime + JacobiMi , JacobiMa    1.02616470200        1.02616119000       0.962896735000       0.990898495000       Residual    2000000.00000      MLUPs    1683.94020632    
  4  Maxtime , Mintime + JacobiMi , JacobiMa    1.02638463000        1.02637679500       0.963058871000       0.991117646000       Residual    425925.925794      MLUPs    1683.57938096    
  4  Maxtime , Mintime + JacobiMi , JacobiMa    1.02590016500        1.02589373300       0.962989151000       0.990668254000       Residual    126543.209842      MLUPs    1684.37442448    
  4  Maxtime , Mintime + JacobiMi , JacobiMa    1.02587287300        1.02586781000       0.963086936000       0.990591963000       Residual    51826.1316863      MLUPs    1684.41923505    
  4  Maxtime , Mintime + JacobiMi , JacobiMa    1.02645917800        1.02644786600       0.963185371000       0.991240555000       Residual    26702.1350984      MLUPs    1683.45710871    
  4  Maxtime , Mintime + JacobiMi , JacobiMa    1.02487596700        1.02487003200       0.963123601000       0.989666580000       Residual    15893.9988844      MLUPs    1686.05768468    
  4  Maxtime , Mintime + JacobiMi , JacobiMa    1.02560590400        1.02559935500       0.963066789000       0.990368803000       Residual    10378.2429902      MLUPs    1684.85769559    
  4  Maxtime , Mintime + JacobiMi , JacobiMa    1.02725529800        1.02724604800       0.963458347000       0.992013759000       Residual    7222.26330347      MLUPs    1682.15243413    
  4  Maxtime , Mintime + JacobiMi , JacobiMa    1.02618217300        1.02617409600       0.963019035000       0.990924334000       Residual    5266.18987021      MLUPs    1683.91153683    
