#----------------------------------------------------------------
#    Intel(R) MPI Benchmarks 2018, MPI-1 part
#----------------------------------------------------------------
# Date                  : Sat Nov 27 12:27:45 2021
# Machine               : x86_64
# System                : Linux
# Release               : 5.7.9-1.el7.elrepo.x86_64
# Version               : #1 SMP Wed Jul 15 10:37:17 EDT 2020
# MPI Version           : 3.1
# MPI Thread Environment: 


# Calling sequence was: 

# ./IMB-MPI1 PingPong -msglog 28

# Minimum message length in bytes:   0
# Maximum message length in bytes:   268435456
#
# MPI_Datatype                   :   MPI_BYTE 
# MPI_Datatype for reductions    :   MPI_FLOAT
# MPI_Op                         :   MPI_SUM  
#
#

# List of Benchmarks to run:

# PingPong

#---------------------------------------------------
# Benchmarking PingPong 
# #processes = 2 
#---------------------------------------------------
       #bytes #repetitions      t[usec]   Mbytes/sec
            0         1000         0.41         0.00
            1         1000         0.42         2.39
            2         1000         0.41         4.84
            4         1000         0.41         9.67
            8         1000         0.41        19.38
           16         1000         0.41        38.86
           32         1000         0.56        56.79
           64         1000         0.58       109.50
          128         1000         0.89       144.25
          256         1000         0.96       265.48
          512         1000         1.13       451.98
         1024         1000         1.30       787.57
         2048         1000         2.11       971.84
         4096         1000         3.00      1363.35
         8192         1000         4.82      1697.97
        16384         1000         7.22      2267.91
        32768         1000        13.12      2496.72
        65536          640        23.58      2779.61
       131072          320        43.76      2995.10
       262144          160        13.23     19810.61
       524288           80        23.12     22680.02
      1048576           40        51.93     20192.17
      2097152           20       138.36     15157.02
      4194304           10       293.79     14276.49
      8388608            5       611.30     13722.56
     16777216            2      1946.95      8617.16
     33554432            1      5508.03      6091.91
     67108864            1     11829.14      5673.18
    134217728            1     23731.63      5655.65
    268435456            1     47396.96      5663.56


# All processes entering MPI_Finalize

