#----------------------------------------------------------------
#    Intel(R) MPI Benchmarks 2018, MPI-1 part
#----------------------------------------------------------------
# Date                  : Sat Nov 27 12:27:56 2021
# Machine               : x86_64
# System                : Linux
# Release               : 5.7.9-1.el7.elrepo.x86_64
# Version               : #1 SMP Wed Jul 15 10:37:17 EDT 2020
# MPI Version           : 3.1
# MPI Thread Environment: 


# Calling sequence was: 

# ./IMB-MPI1 PingPong -msglog 28

# Minimum message length in bytes:   0
# Maximum message length in bytes:   268435456
#
# MPI_Datatype                   :   MPI_BYTE 
# MPI_Datatype for reductions    :   MPI_FLOAT
# MPI_Op                         :   MPI_SUM  
#
#

# List of Benchmarks to run:

# PingPong

#---------------------------------------------------
# Benchmarking PingPong 
# #processes = 2 
#---------------------------------------------------
       #bytes #repetitions      t[usec]   Mbytes/sec
            0         1000         0.26         0.00
            1         1000         0.30         3.36
            2         1000         0.30         6.77
            4         1000         0.30        13.41
            8         1000         0.30        26.47
           16         1000         0.29        55.02
           32         1000         0.29       109.99
           64         1000         0.33       193.10
          128         1000         0.37       342.78
          256         1000         0.46       556.02
          512         1000         0.65       790.65
         1024         1000         0.76      1354.78
         2048         1000         0.91      2257.96
         4096         1000         1.83      2244.36
         8192         1000         2.10      3907.59
        16384         1000         2.57      6379.54
        32768         1000         3.41      9619.45
        65536          640         4.83     13575.28
       131072          320         7.65     17135.55
       262144          160        14.88     17622.59
       524288           80        32.06     16351.98
      1048576           40        83.31     12585.86
      2097152           20       198.94     10541.72
      4194304           10       438.33      9568.77
      8388608            5      1463.97      5730.05
     16777216            2      3646.88      4600.42
     33554432            1      7480.25      4485.73
     67108864            1     14906.67      4501.94
    134217728            1     29803.72      4503.39
    268435456            1     59709.03      4495.73


# All processes entering MPI_Finalize

