# Threadlevel provided:        3 out of        0        1        2        3
  spat_dim , proc_dim, PBC ? 
           1 -Dim Input         1905           0 T
           2 -Dim Input         1905           0 T
           3 -Dim Input         1905           0 T
#   0 Process grid   2   2   1
           0           3           2
           2           3           2
           3           3           2
#   0  Allocated 2 arrays with a total of  27827.7      Mbytes 
           1           3           2
# StartResidual    0.00000000000    
  4  Maxtime , Mintime + JacobiMi , JacobiMa    22.2174811860        22.2174660450        21.7083673470        21.9448767080       Residual    30273624.9756      MLUPs    311.164554034    
  4  Maxtime , Mintime + JacobiMi , JacobiMa    22.2010112030        22.2010051240        21.7006666730        21.9391103860       Residual    5040312.49979      MLUPs    311.395393741    
  4  Maxtime , Mintime + JacobiMi , JacobiMa    22.2039890560        22.2039820340        21.7056369990        21.9419278630       Residual    1073399.88388      MLUPs    311.353631438    
  4  Maxtime , Mintime + JacobiMi , JacobiMa    22.2030391430        22.2030260250        21.7016724670        21.9416869880       Residual    318908.661067      MLUPs    311.366952086    
  4  Maxtime , Mintime + JacobiMi , JacobiMa    22.2015951380        22.2015894710        21.7013287410        21.9402583050       Residual    130609.949664      MLUPs    311.387203578    
  4  Maxtime , Mintime + JacobiMi , JacobiMa    22.2104897210        22.2104825840        21.7027823110        21.9489390480       Residual    67293.5526580      MLUPs    311.262503071    
  4  Maxtime , Mintime + JacobiMi , JacobiMa    22.2017189960        22.2017123370        21.7045562420        21.9403607980       Residual    40055.3606364      MLUPs    311.385466425    
  4  Maxtime , Mintime + JacobiMi , JacobiMa    22.2046327110        22.2046268080        21.7028229000        21.9432142180       Residual    26154.7939373      MLUPs    311.344606100    
  4  Maxtime , Mintime + JacobiMi , JacobiMa    22.2089886250        22.2089763550        21.6974595180        21.9475392620       Residual    18201.2319994      MLUPs    311.283541170    
  4  Maxtime , Mintime + JacobiMi , JacobiMa    22.2015034440        22.2014966670        21.7002619030        21.9400222000       Residual    13271.6213124      MLUPs    311.388489633    
