# Threadlevel provided:        3 out of        0        1        2        3
  spat_dim , proc_dim, PBC ? 
           1 -Dim Input         1200           0 T
           2 -Dim Input         1200           0 T
           3 -Dim Input         1200           0 T
#   0 Process grid   4   4   3
          12           3           2
          14           3           2
          16           3           2
          18           3           2
          20           3           2
          22           3           2
          24           3           2
          26           3           2
          28           3           2
          30           3           2
          32           3           2
          34           3           2
          36           3           2
          38           3           2
          40           3           2
          42           3           2
          44           3           2
          46           3           2
           0           3           2
#   0  Allocated 2 arrays with a total of  586.624      Mbytes 
           2           3           2
           4           3           2
           6           3           2
           8           3           2
          10           3           2
           1           3           2
           3           3           2
           5           3           2
           7           3           2
           9           3           2
          11           3           2
          13           3           2
          15           3           2
          17           3           2
          19           3           2
          23           3           2
          25           3           2
          27           3           2
          29           3           2
          31           3           2
          33           3           2
          35           3           2
          37           3           2
          39           3           2
          41           3           2
          43           3           2
          45           3           2
          47           3           2
          21           3           2
# StartResidual    0.00000000000    
  4  Maxtime , Mintime + JacobiMi , JacobiMa   0.348563060000       0.348353792000       0.314492646000       0.320964455000       Residual    12019999.9904      MLUPs    4957.49606972    
  4  Maxtime , Mintime + JacobiMi , JacobiMa   0.345870364000       0.345620874000       0.314399869000       0.322764996000       Residual    2000000.00000      MLUPs    4996.09154140    
  4  Maxtime , Mintime + JacobiMi , JacobiMa   0.343585616000       0.343391138000       0.314534302000       0.320749258000       Residual    425925.925798      MLUPs    5029.31414917    
  4  Maxtime , Mintime + JacobiMi , JacobiMa   0.343684032000       0.343395470000       0.314392511000       0.320766330000       Residual    126543.209841      MLUPs    5027.87397466    
  4  Maxtime , Mintime + JacobiMi , JacobiMa   0.343325275000       0.343094519000       0.314495649000       0.320604264000       Residual    51826.1316875      MLUPs    5033.12784065    
  4  Maxtime , Mintime + JacobiMi , JacobiMa   0.343483568000       0.343232708000       0.314356799000       0.320627764000       Residual    26702.1350991      MLUPs    5030.80834423    
  4  Maxtime , Mintime + JacobiMi , JacobiMa   0.357198380000       0.356971707000       0.314595828000       0.333249066000       Residual    15893.9988846      MLUPs    4837.64791990    
  4  Maxtime , Mintime + JacobiMi , JacobiMa   0.342310414000       0.342142295000       0.314356145000       0.320693089000       Residual    10378.2429903      MLUPs    5048.04975054    
  4  Maxtime , Mintime + JacobiMi , JacobiMa   0.342323424000       0.342150232000       0.314482650000       0.320657897000       Residual    7222.26330344      MLUPs    5047.85789943    
  4  Maxtime , Mintime + JacobiMi , JacobiMa   0.345988672000       0.345780031000       0.314349540000       0.324770189000       Residual    5266.18987019      MLUPs    4994.38316871    
