# Threadlevel provided:        3 out of        0        1        2        3
  spat_dim , proc_dim, PBC ? 
           1 -Dim Input         1200           0 T
           2 -Dim Input         1200           0 T
           3 -Dim Input         1200           0 T
#   0 Process grid   5   3   2
           0           3           2
           2           3           2
           4           3           2
           6           3           2
           8           3           2
          10           3           2
          12           3           2
          14           3           2
          16           3           2
          18           3           2
          20           3           2
          22           3           2
          24           3           2
          26           3           2
          28           3           2
#   0  Allocated 2 arrays with a total of  937.039      Mbytes 
           1           3           2
           5           3           2
           9           3           2
          13           3           2
          17           3           2
          21           3           2
          25           3           2
          29           3           2
           3           3           2
           7           3           2
          11           3           2
          15           3           2
          19           3           2
          23           3           2
          27           3           2
# StartResidual    0.00000000000    
  4  Maxtime , Mintime + JacobiMi , JacobiMa   0.534307882000       0.534168018000       0.502514790000       0.505304576000       Residual    12019999.9904      MLUPs    3234.09041531    
  4  Maxtime , Mintime + JacobiMi , JacobiMa   0.530299418000       0.530227802000       0.502469044000       0.505307928000       Residual    2000000.00000      MLUPs    3258.53648212    
  4  Maxtime , Mintime + JacobiMi , JacobiMa   0.530132438000       0.530056426000       0.502480951000       0.505275052000       Residual    425925.925794      MLUPs    3259.56284909    
  4  Maxtime , Mintime + JacobiMi , JacobiMa   0.529985936000       0.529926295000       0.502408983000       0.505382965000       Residual    126543.209841      MLUPs    3260.46387767    
  4  Maxtime , Mintime + JacobiMi , JacobiMa   0.530117335000       0.530055382000       0.502492304000       0.505257785000       Residual    51826.1316865      MLUPs    3259.65571377    
  4  Maxtime , Mintime + JacobiMi , JacobiMa   0.530012268000       0.529939220000       0.502508437000       0.505383899000       Residual    26702.1350986      MLUPs    3260.30189173    
  4  Maxtime , Mintime + JacobiMi , JacobiMa   0.529923676000       0.529853573000       0.502456338000       0.505347897000       Residual    15893.9988845      MLUPs    3260.84694506    
  4  Maxtime , Mintime + JacobiMi , JacobiMa   0.529791206000       0.529728993000       0.502538455000       0.505273659000       Residual    10378.2429902      MLUPs    3261.66229343    
  4  Maxtime , Mintime + JacobiMi , JacobiMa   0.529785176000       0.529711265000       0.502399437000       0.505277092000       Residual    7222.26330345      MLUPs    3261.69941758    
  4  Maxtime , Mintime + JacobiMi , JacobiMa   0.530197208000       0.530132396000       0.502513523000       0.505759446000       Residual    5266.18987023      MLUPs    3259.16465407    
